Using pre-set license
Built from '2021.3/staging' branch; Version is '2021.3.2f1 (d6360bedb9a0) revision 14038539'; Using compiler version '192829333'; Build Type 'Release'
OS: 'Windows 11  (10.0.22000) 64bit Core' Language: 'en' Physical Memory: 15734 MB
BatchMode: 1, IsHumanControllingUs: 0, StartBugReporterOnCrash: 0, Is64bit: 1, IsPro: 1

COMMAND LINE ARGUMENTS:
C:\Program Files\Unity\Hub\Editor\2021.3.2f1\Editor\Unity.exe
-adb2
-batchMode
-noUpm
-name
AssetImportWorker2
-projectPath
C:/Users/cpdav/Documents/Unity_Projects/WwF_Clone/WwF_Clone
-logFile
Logs/AssetImportWorker2.log
-srvPort
52465
Successfully changed project path to: C:/Users/cpdav/Documents/Unity_Projects/WwF_Clone/WwF_Clone
C:/Users/cpdav/Documents/Unity_Projects/WwF_Clone/WwF_Clone
[UnityMemory] Configuration Parameters - Can be set up in boot.config
    "memorysetup-bucket-allocator-granularity=16"
    "memorysetup-bucket-allocator-bucket-count=8"
    "memorysetup-bucket-allocator-block-size=33554432"
    "memorysetup-bucket-allocator-block-count=8"
    "memorysetup-main-allocator-block-size=16777216"
    "memorysetup-thread-allocator-block-size=16777216"
    "memorysetup-gfx-main-allocator-block-size=16777216"
    "memorysetup-gfx-thread-allocator-block-size=16777216"
    "memorysetup-cache-allocator-block-size=4194304"
    "memorysetup-typetree-allocator-block-size=2097152"
    "memorysetup-profiler-bucket-allocator-granularity=16"
    "memorysetup-profiler-bucket-allocator-bucket-count=8"
    "memorysetup-profiler-bucket-allocator-block-size=33554432"
    "memorysetup-profiler-bucket-allocator-block-count=8"
    "memorysetup-profiler-allocator-block-size=16777216"
    "memorysetup-profiler-editor-allocator-block-size=1048576"
    "memorysetup-temp-allocator-size-main=16777216"
    "memorysetup-job-temp-allocator-block-size=2097152"
    "memorysetup-job-temp-allocator-block-size-background=1048576"
    "memorysetup-job-temp-allocator-reduction-small-platforms=262144"
    "memorysetup-temp-allocator-size-background-worker=32768"
    "memorysetup-temp-allocator-size-job-worker=262144"
    "memorysetup-temp-allocator-size-preload-manager=33554432"
    "memorysetup-temp-allocator-size-nav-mesh-worker=65536"
    "memorysetup-temp-allocator-size-audio-worker=65536"
    "memorysetup-temp-allocator-size-cloud-worker=32768"
    "memorysetup-temp-allocator-size-gi-baking-worker=262144"
    "memorysetup-temp-allocator-size-gfx=262144"
Refreshing native plugins compatible for Editor in 144.37 ms, found 4 plugins.
Preloading 0 native plugins for Editor in 0.00 ms.
Initialize engine version: 2021.3.2f1 (d6360bedb9a0)
[Subsystems] Discovering subsystems at path C:/Program Files/Unity/Hub/Editor/2021.3.2f1/Editor/Data/Resources/UnitySubsystems
[Subsystems] Discovering subsystems at path C:/Users/cpdav/Documents/Unity_Projects/WwF_Clone/WwF_Clone/Assets
GfxDevice: creating device client; threaded=0; jobified=0
Direct3D:
    Version:  Direct3D 11.0 [level 11.1]
    Renderer: NVIDIA GeForce RTX 3050 Ti Laptop GPU (ID=0x2563)
    Vendor:   NVIDIA
    VRAM:     3990 MB
    Driver:   30.0.14.7219
Initialize mono
Mono path[0] = 'C:/Program Files/Unity/Hub/Editor/2021.3.2f1/Editor/Data/Managed'
Mono path[1] = 'C:/Program Files/Unity/Hub/Editor/2021.3.2f1/Editor/Data/MonoBleedingEdge/lib/mono/unityjit-win32'
Mono config path = 'C:/Program Files/Unity/Hub/Editor/2021.3.2f1/Editor/Data/MonoBleedingEdge/etc'
Using monoOptions --debugger-agent=transport=dt_socket,embedding=1,server=y,suspend=n,address=127.0.0.1:56264
Begin MonoManager ReloadAssembly
Registering precompiled unity dll's ...
Register platform support module: C:/Program Files/Unity/Hub/Editor/2021.3.2f1/Editor/Data/PlaybackEngines/WebGLSupport/UnityEditor.WebGL.Extensions.dll
Register platform support module: C:/Program Files/Unity/Hub/Editor/2021.3.2f1/Editor/Data/PlaybackEngines/WindowsStandaloneSupport/UnityEditor.WindowsStandalone.Extensions.dll
Registered in 0.003952 seconds.
Native extension for WindowsStandalone target not found
Native extension for WebGL target not found
Refreshing native plugins compatible for Editor in 122.59 ms, found 4 plugins.
Preloading 0 native plugins for Editor in 0.00 ms.
Mono: successfully reloaded assembly
- Completed reload, in  0.782 seconds
Domain Reload Profiling:
	ReloadAssembly (783ms)
		BeginReloadAssembly (89ms)
			ExecutionOrderSort (0ms)
			DisableScriptedObjects (0ms)
			BackupInstance (0ms)
			ReleaseScriptingObjects (0ms)
			CreateAndSetChildDomain (1ms)
		EndReloadAssembly (572ms)
			LoadAssemblies (87ms)
			RebuildTransferFunctionScriptingTraits (0ms)
			SetupTypeCache (126ms)
			ReleaseScriptCaches (0ms)
			RebuildScriptCaches (38ms)
			SetupLoadedEditorAssemblies (350ms)
				LogAssemblyErrors (0ms)
				InitializePlatformSupportModulesInManaged (9ms)
				SetLoadedEditorAssemblies (0ms)
				RefreshPlugins (123ms)
				BeforeProcessingInitializeOnLoad (1ms)
				ProcessInitializeOnLoadAttributes (160ms)
				ProcessInitializeOnLoadMethodAttributes (56ms)
				AfterProcessingInitializeOnLoad (0ms)
				EditorAssembliesLoaded (0ms)
			ExecutionOrderSort2 (0ms)
			AwakeInstancesAfterBackupRestoration (0ms)
Platform modules already initialized, skipping
Registering precompiled user dll's ...
Registered in 0.007125 seconds.
Begin MonoManager ReloadAssembly
Native extension for WindowsStandalone target not found
Native extension for WebGL target not found
Refreshing native plugins compatible for Editor in 121.91 ms, found 4 plugins.
Preloading 0 native plugins for Editor in 0.00 ms.
Mono: successfully reloaded assembly
- Completed reload, in  1.456 seconds
Domain Reload Profiling:
	ReloadAssembly (1457ms)
		BeginReloadAssembly (125ms)
			ExecutionOrderSort (0ms)
			DisableScriptedObjects (7ms)
			BackupInstance (0ms)
			ReleaseScriptingObjects (0ms)
			CreateAndSetChildDomain (25ms)
		EndReloadAssembly (1201ms)
			LoadAssemblies (98ms)
			RebuildTransferFunctionScriptingTraits (0ms)
			SetupTypeCache (305ms)
			ReleaseScriptCaches (1ms)
			RebuildScriptCaches (74ms)
			SetupLoadedEditorAssemblies (664ms)
				LogAssemblyErrors (0ms)
				InitializePlatformSupportModulesInManaged (8ms)
				SetLoadedEditorAssemblies (0ms)
				RefreshPlugins (122ms)
				BeforeProcessingInitializeOnLoad (124ms)
				ProcessInitializeOnLoadAttributes (356ms)
				ProcessInitializeOnLoadMethodAttributes (49ms)
				AfterProcessingInitializeOnLoad (5ms)
				EditorAssembliesLoaded (0ms)
			ExecutionOrderSort2 (0ms)
			AwakeInstancesAfterBackupRestoration (7ms)
Platform modules already initialized, skipping
========================================================================
Worker process is ready to serve import requests
Launched and connected shader compiler UnityShaderCompiler.exe after 0.09 seconds
Refreshing native plugins compatible for Editor in 2.47 ms, found 4 plugins.
Preloading 0 native plugins for Editor in 0.00 ms.
Unloading 4386 Unused Serialized files (Serialized files now loaded: 0)
Unloading 46 unused Assets / (225.4 KB). Loaded Objects now: 4844.
Memory consumption went from 168.8 MB to 168.6 MB.
Total: 13.870100 ms (FindLiveObjects: 1.429600 ms CreateObjectMapping: 1.183600 ms MarkObjects: 10.257900 ms  DeleteObjects: 0.997700 ms)

AssetImportParameters requested are different than current active one (requested -> active):
  custom:video-decoder-ogg-theora: a1e56fd34408186e4bbccfd4996cb3dc -> 
  custom:container-muxer-webm: aa71ff27fc2769a1b78a27578f13a17b -> 
  custom:container-demuxer-webm: 4f35f7cbe854078d1ac9338744f61a02 -> 
  custom:video-encoder-webm-vp8: eb34c28f22e8b96e1ab97ce403110664 -> 
  custom:video-codec-MediaFoundation-h265: 746d11721c4dcdbdad8f713fa42b33f4 -> 
  custom:audio-encoder-webm-vorbis: bf7c407c2cedff20999df2af8eb42d56 -> 
  custom:framework-win-MediaFoundation: 216162199b28c13a410421893ffa2e32 -> 
  custom:container-demuxer-ogg: 62fdf1f143b41e24485cea50d1cbac27 -> 
  custom:video-decoder-webm-vp8: 9c59270c3fd7afecdb556c50c9e8de78 -> 
  custom:audio-decoder-ogg-vorbis: bf7c407c2cedff20999df2af8eb42d56 -> 
========================================================================
Received Import Request.
  Time since last request: 840890.372936 seconds.
  path: Assets/New Palette.prefab
  artifactKey: Guid(f6bcf554219a86d48b8e3a371f7b594e) Importer(815301076,1909f56bfc062723c751e8b465ee728b)
Start importing Assets/New Palette.prefab using Guid(f6bcf554219a86d48b8e3a371f7b594e) Importer(815301076,1909f56bfc062723c751e8b465ee728b)  -> (artifact id: '7d68bd02cd2614a3712682280121062f') in 0.123801 seconds 
========================================================================
Received Import Request.
  Time since last request: 9.921167 seconds.
  path: Packages/com.unity.2d.sprite/Tests/Editor/Unity.2D.Sprite.Package.EditorTests.asmdef
  artifactKey: Guid(52648b72c7bef2040bf0cfa8dd0f74da) Importer(815301076,1909f56bfc062723c751e8b465ee728b)
Start importing Packages/com.unity.2d.sprite/Tests/Editor/Unity.2D.Sprite.Package.EditorTests.asmdef using Guid(52648b72c7bef2040bf0cfa8dd0f74da) Importer(815301076,1909f56bfc062723c751e8b465ee728b)  -> (artifact id: 'd0c61edb215181438afdd7dc74a6d066') in 0.008102 seconds 
========================================================================
Received Import Request.
  Time since last request: 1.356185 seconds.
  path: Packages/com.unity.2d.sprite/Editor/Unity.2D.Sprite.Editor.asmdef
  artifactKey: Guid(2c573e6b271651846a79655161004c5b) Importer(815301076,1909f56bfc062723c751e8b465ee728b)
Start importing Packages/com.unity.2d.sprite/Editor/Unity.2D.Sprite.Editor.asmdef using Guid(2c573e6b271651846a79655161004c5b) Importer(815301076,1909f56bfc062723c751e8b465ee728b)  -> (artifact id: 'f3790e1b7128df616aee81a57c727731') in 0.011297 seconds 
========================================================================
Received Import Request.
  Time since last request: 10.453714 seconds.
  path: Assets/Scenes
  artifactKey: Guid(131a6b21c8605f84396be9f6751fb6e3) Importer(815301076,1909f56bfc062723c751e8b465ee728b)
Start importing Assets/Scenes using Guid(131a6b21c8605f84396be9f6751fb6e3) Importer(815301076,1909f56bfc062723c751e8b465ee728b)  -> (artifact id: '2c23e514d24f6b65fe96946cd87fc526') in 0.008465 seconds 
========================================================================
Received Import Request.
  Time since last request: 2.864480 seconds.
  path: Assets/Materials
  artifactKey: Guid(eaf46b4c1304f0b47970bb16987755b2) Importer(815301076,1909f56bfc062723c751e8b465ee728b)
Start importing Assets/Materials using Guid(eaf46b4c1304f0b47970bb16987755b2) Importer(815301076,1909f56bfc062723c751e8b465ee728b)  -> (artifact id: '9db76de8834dc52566224207e16c1e91') in 0.005635 seconds 
========================================================================
Received Import Request.
  Time since last request: 147.873558 seconds.
  path: Assets/New Palette.prefab
  artifactKey: Guid(f6bcf554219a86d48b8e3a371f7b594e) Importer(815301076,1909f56bfc062723c751e8b465ee728b)
Start importing Assets/New Palette.prefab using Guid(f6bcf554219a86d48b8e3a371f7b594e) Importer(815301076,1909f56bfc062723c751e8b465ee728b)  -> (artifact id: 'f1ee917c7aeb0baff107977632296162') in 0.008847 seconds 
========================================================================
Received Import Request.
  Time since last request: 115.304885 seconds.
  path: Assets/Rectangular Palette.prefab
  artifactKey: Guid(9d84d5213765f9b438fa6c123cc89b3c) Importer(815301076,1909f56bfc062723c751e8b465ee728b)
Start importing Assets/Rectangular Palette.prefab using Guid(9d84d5213765f9b438fa6c123cc89b3c) Importer(815301076,1909f56bfc062723c751e8b465ee728b)  -> (artifact id: 'ded03f49d008fcadbbdb9ea4450e6202') in 0.034084 seconds 
========================================================================
Received Import Request.
  Time since last request: 107.709679 seconds.
  path: Assets/Rectangular Palette.prefab
  artifactKey: Guid(9d84d5213765f9b438fa6c123cc89b3c) Importer(815301076,1909f56bfc062723c751e8b465ee728b)
Start importing Assets/Rectangular Palette.prefab using Guid(9d84d5213765f9b438fa6c123cc89b3c) Importer(815301076,1909f56bfc062723c751e8b465ee728b)  -> (artifact id: 'f9d29f9da5c1b4f08c9747837b924f96') in 0.020170 seconds 
========================================================================
Received Import Request.
  Time since last request: 7.881813 seconds.
  path: Assets/Rectangular Palette.prefab
  artifactKey: Guid(9d84d5213765f9b438fa6c123cc89b3c) Importer(815301076,1909f56bfc062723c751e8b465ee728b)
Start importing Assets/Rectangular Palette.prefab using Guid(9d84d5213765f9b438fa6c123cc89b3c) Importer(815301076,1909f56bfc062723c751e8b465ee728b)  -> (artifact id: '76f8a327fcba9b65a4e809af7de57dc3') in 0.014628 seconds 
========================================================================
Received Import Request.
  Time since last request: 72.022145 seconds.
  path: Assets/Tester2.prefab
  artifactKey: Guid(354e9670f209520468f93f8bbf0eff42) Importer(815301076,1909f56bfc062723c751e8b465ee728b)
Start importing Assets/Tester2.prefab using Guid(354e9670f209520468f93f8bbf0eff42) Importer(815301076,1909f56bfc062723c751e8b465ee728b)  -> (artifact id: '333d8d0ba7d5c6795c4ba2653f64a48b') in 0.016359 seconds 
========================================================================
Received Import Request.
  Time since last request: 13.900213 seconds.
  path: Assets/Tilemaps
  artifactKey: Guid(cffaedea2141db0448ae995040744bb6) Importer(815301076,1909f56bfc062723c751e8b465ee728b)
Start importing Assets/Tilemaps using Guid(cffaedea2141db0448ae995040744bb6) Importer(815301076,1909f56bfc062723c751e8b465ee728b)  -> (artifact id: '91f059eb26147c1dbc25200d41339167') in 0.006944 seconds 
========================================================================
Received Import Request.
  Time since last request: 35.750533 seconds.
  path: Assets/Tilemaps/New Animated Tile.asset
  artifactKey: Guid(499601889b97e1a4db32403c1c4f386b) Importer(815301076,1909f56bfc062723c751e8b465ee728b)
Start importing Assets/Tilemaps/New Animated Tile.asset using Guid(499601889b97e1a4db32403c1c4f386b) Importer(815301076,1909f56bfc062723c751e8b465ee728b)  -> (artifact id: '61fc4c81d4e142b56c2ae10ac4d6159d') in 0.010748 seconds 
========================================================================
Received Import Request.
  Time since last request: 83.913989 seconds.
  path: Assets/Tilemaps/Rectangular Palette.prefab
  artifactKey: Guid(9d84d5213765f9b438fa6c123cc89b3c) Importer(815301076,1909f56bfc062723c751e8b465ee728b)
Start importing Assets/Tilemaps/Rectangular Palette.prefab using Guid(9d84d5213765f9b438fa6c123cc89b3c) Importer(815301076,1909f56bfc062723c751e8b465ee728b)  -> (artifact id: 'c16cadf7a03bac7d5509c810aa1e322c') in 0.013215 seconds 
========================================================================
Received Import Request.
  Time since last request: 37.288587 seconds.
  path: Assets/Tilemaps/Square.png
  artifactKey: Guid(9f239e622c2421946802d3614f8988b8) Importer(815301076,1909f56bfc062723c751e8b465ee728b)
Start importing Assets/Tilemaps/Square.png using Guid(9f239e622c2421946802d3614f8988b8) Importer(815301076,1909f56bfc062723c751e8b465ee728b)  -> (artifact id: '8d8caac7f32c1f6a8dfd042dfbd3343a') in 0.082060 seconds 
========================================================================
Received Import Request.
  Time since last request: 58.890354 seconds.
  path: Assets/Tilemaps/Rectangular Palette.prefab
  artifactKey: Guid(9d84d5213765f9b438fa6c123cc89b3c) Importer(815301076,1909f56bfc062723c751e8b465ee728b)
Start importing Assets/Tilemaps/Rectangular Palette.prefab using Guid(9d84d5213765f9b438fa6c123cc89b3c) Importer(815301076,1909f56bfc062723c751e8b465ee728b)  -> (artifact id: 'd0e1a1ca5c96f19e2eadaa26ba5e626f') in 0.026755 seconds 
========================================================================
Received Import Request.
  Time since last request: 8.314021 seconds.
  path: Assets/Tilemaps/Rectangular Palette.prefab
  artifactKey: Guid(9d84d5213765f9b438fa6c123cc89b3c) Importer(815301076,1909f56bfc062723c751e8b465ee728b)
Start importing Assets/Tilemaps/Rectangular Palette.prefab using Guid(9d84d5213765f9b438fa6c123cc89b3c) Importer(815301076,1909f56bfc062723c751e8b465ee728b)  -> (artifact id: 'c001287a28c345fa4e1a049a1bc80db6') in 0.019449 seconds 
========================================================================
Received Import Request.
  Time since last request: 56.036388 seconds.
  path: Assets/Tilemaps/Rectangular Palette.prefab
  artifactKey: Guid(9d84d5213765f9b438fa6c123cc89b3c) Importer(815301076,1909f56bfc062723c751e8b465ee728b)
Start importing Assets/Tilemaps/Rectangular Palette.prefab using Guid(9d84d5213765f9b438fa6c123cc89b3c) Importer(815301076,1909f56bfc062723c751e8b465ee728b)  -> (artifact id: '82a4977a92eab644ae1bff39d460ecd8') in 0.017002 seconds 
========================================================================
Received Import Request.
  Time since last request: 9.075239 seconds.
  path: Assets/Materials/Tile_Sprite.mat
  artifactKey: Guid(1fd37a47237789a46b826edbe4901413) Importer(815301076,1909f56bfc062723c751e8b465ee728b)
Start importing Assets/Materials/Tile_Sprite.mat using Guid(1fd37a47237789a46b826edbe4901413) Importer(815301076,1909f56bfc062723c751e8b465ee728b)  -> (artifact id: 'c0b95970873a889d786ff777eb593030') in 0.075013 seconds 
========================================================================
Received Import Request.
  Time since last request: 0.160770 seconds.
  path: Assets/Tile.mat
  artifactKey: Guid(ea497370371e3794c94b2d80d953e912) Importer(815301076,1909f56bfc062723c751e8b465ee728b)
Start importing Assets/Tile.mat using Guid(ea497370371e3794c94b2d80d953e912) Importer(815301076,1909f56bfc062723c751e8b465ee728b)  -> (artifact id: '80e2ff2fe857ca2201da5ca8f5b219c9') in 0.018988 seconds 
========================================================================
Received Import Request.
  Time since last request: 1.443752 seconds.
  path: Assets/Tilemaps/Rectangular Palette.prefab
  artifactKey: Guid(9d84d5213765f9b438fa6c123cc89b3c) Importer(815301076,1909f56bfc062723c751e8b465ee728b)
Start importing Assets/Tilemaps/Rectangular Palette.prefab using Guid(9d84d5213765f9b438fa6c123cc89b3c) Importer(815301076,1909f56bfc062723c751e8b465ee728b)  -> (artifact id: 'fcf431b19b0e94783fe9a556efcf0905') in 0.011191 seconds 
========================================================================
Received Import Request.
  Time since last request: 63.900893 seconds.
  path: Assets/Tilemaps/Rectangular Palette.prefab
  artifactKey: Guid(9d84d5213765f9b438fa6c123cc89b3c) Importer(815301076,1909f56bfc062723c751e8b465ee728b)
Start importing Assets/Tilemaps/Rectangular Palette.prefab using Guid(9d84d5213765f9b438fa6c123cc89b3c) Importer(815301076,1909f56bfc062723c751e8b465ee728b)  -> (artifact id: '65856507a9356820637065bf06cb4931') in 0.022881 seconds 
========================================================================
Received Import Request.
  Time since last request: 44.863750 seconds.
  path: Assets/Tilemaps/Square.png
  artifactKey: Guid(64c34661b0ffb2743bee6223dd8a2e06) Importer(815301076,1909f56bfc062723c751e8b465ee728b)
Start importing Assets/Tilemaps/Square.png using Guid(64c34661b0ffb2743bee6223dd8a2e06) Importer(815301076,1909f56bfc062723c751e8b465ee728b)  -> (artifact id: 'fdc912eac3de028410dc7a4034d2d53b') in 0.021435 seconds 
========================================================================
Received Import Request.
  Time since last request: 31.508665 seconds.
  path: Assets/Tilemaps/Square_Texgture.png
  artifactKey: Guid(64c34661b0ffb2743bee6223dd8a2e06) Importer(815301076,1909f56bfc062723c751e8b465ee728b)
Start importing Assets/Tilemaps/Square_Texgture.png using Guid(64c34661b0ffb2743bee6223dd8a2e06) Importer(815301076,1909f56bfc062723c751e8b465ee728b)  -> (artifact id: '9ba98a994a9efd70761f880e50a7f6d9') in 0.023263 seconds 
========================================================================
Received Import Request.
  Time since last request: 18.355222 seconds.
  path: Assets/Tilemaps/Square_Material.mat
  artifactKey: Guid(715480ce58e106344a917c33cab83d46) Importer(815301076,1909f56bfc062723c751e8b465ee728b)
Start importing Assets/Tilemaps/Square_Material.mat using Guid(715480ce58e106344a917c33cab83d46) Importer(815301076,1909f56bfc062723c751e8b465ee728b)  -> (artifact id: '3b125543797d82951e273505069325f4') in 0.037250 seconds 
========================================================================
Received Import Request.
  Time since last request: 35.130118 seconds.
  path: Assets/Tilemaps/Test3_Tilemap.prefab
  artifactKey: Guid(c02ff0c96319edb42a4ed371b72cfc8f) Importer(815301076,1909f56bfc062723c751e8b465ee728b)
Start importing Assets/Tilemaps/Test3_Tilemap.prefab using Guid(c02ff0c96319edb42a4ed371b72cfc8f) Importer(815301076,1909f56bfc062723c751e8b465ee728b)  -> (artifact id: 'a78f4293e54bc441bbd0e2bf11e62988') in 0.028199 seconds 
========================================================================
Received Import Request.
  Time since last request: 144.766324 seconds.
  path: Assets/Tilemaps/Rectangular Palette.prefab
  artifactKey: Guid(9d84d5213765f9b438fa6c123cc89b3c) Importer(815301076,1909f56bfc062723c751e8b465ee728b)
Start importing Assets/Tilemaps/Rectangular Palette.prefab using Guid(9d84d5213765f9b438fa6c123cc89b3c) Importer(815301076,1909f56bfc062723c751e8b465ee728b)  -> (artifact id: '57c831c28a9664d2550bad7f886d5364') in 0.010202 seconds 
========================================================================
Received Import Request.
  Time since last request: 7.035700 seconds.
  path: Assets/Tilemaps/Rectangular Palette.prefab
  artifactKey: Guid(9d84d5213765f9b438fa6c123cc89b3c) Importer(815301076,1909f56bfc062723c751e8b465ee728b)
Start importing Assets/Tilemaps/Rectangular Palette.prefab using Guid(9d84d5213765f9b438fa6c123cc89b3c) Importer(815301076,1909f56bfc062723c751e8b465ee728b)  -> (artifact id: '748e06f2db6939abd263f199928f4ea1') in 0.011688 seconds 
========================================================================
Received Import Request.
  Time since last request: 11.194537 seconds.
  path: Assets/Tilemaps/Rectangular Palette.prefab
  artifactKey: Guid(9d84d5213765f9b438fa6c123cc89b3c) Importer(815301076,1909f56bfc062723c751e8b465ee728b)
Start importing Assets/Tilemaps/Rectangular Palette.prefab using Guid(9d84d5213765f9b438fa6c123cc89b3c) Importer(815301076,1909f56bfc062723c751e8b465ee728b)  -> (artifact id: 'c544353a83a667649577761ed97de8d4') in 0.010331 seconds 
========================================================================
Received Import Request.
  Time since last request: 48.763673 seconds.
  path: Assets/Square.asset
  artifactKey: Guid(8784e46ac2e79c0499c726627ad74bb7) Importer(815301076,1909f56bfc062723c751e8b465ee728b)
Start importing Assets/Square.asset using Guid(8784e46ac2e79c0499c726627ad74bb7) Importer(815301076,1909f56bfc062723c751e8b465ee728b)  -> (artifact id: '06cf276564c8b31fd7873c8e9538479c') in 0.019128 seconds 
========================================================================
Received Import Request.
  Time since last request: 116.683311 seconds.
  path: Assets/Scenes/Tile_Scene.unity
  artifactKey: Guid(02d736e11e8920e42bda0257e13cd305) Importer(815301076,1909f56bfc062723c751e8b465ee728b)
Start importing Assets/Scenes/Tile_Scene.unity using Guid(02d736e11e8920e42bda0257e13cd305) Importer(815301076,1909f56bfc062723c751e8b465ee728b)  -> (artifact id: '0c941ff889153ef12659e50e9021346f') in 0.006743 seconds 
========================================================================
Received Import Request.
  Time since last request: 51.716958 seconds.
  path: Assets/Boards
  artifactKey: Guid(76c768077ed07b04bb541a4c9c673f2f) Importer(815301076,1909f56bfc062723c751e8b465ee728b)
Start importing Assets/Boards using Guid(76c768077ed07b04bb541a4c9c673f2f) Importer(815301076,1909f56bfc062723c751e8b465ee728b)  -> (artifact id: '5a8b0e29941525879ee1b722102bcfd6') in 0.008436 seconds 
========================================================================
Received Import Request.
  Time since last request: 60.461031 seconds.
  path: Assets/Tilemaps/Square_Material.mat
  artifactKey: Guid(715480ce58e106344a917c33cab83d46) Importer(815301076,1909f56bfc062723c751e8b465ee728b)
Start importing Assets/Tilemaps/Square_Material.mat using Guid(715480ce58e106344a917c33cab83d46) Importer(815301076,1909f56bfc062723c751e8b465ee728b)  -> (artifact id: '9ac9fed5bca207e273866ea1fa8840f6') in 0.022202 seconds 
========================================================================
Received Import Request.
  Time since last request: 151.390588 seconds.
  path: Assets/Tilemaps/Test3_Tilemap.prefab
  artifactKey: Guid(c02ff0c96319edb42a4ed371b72cfc8f) Importer(815301076,1909f56bfc062723c751e8b465ee728b)
Start importing Assets/Tilemaps/Test3_Tilemap.prefab using Guid(c02ff0c96319edb42a4ed371b72cfc8f) Importer(815301076,1909f56bfc062723c751e8b465ee728b)  -> (artifact id: '1ec61d46c420ef4d02e5ffdf1e82afda') in 0.028989 seconds 
========================================================================
Received Import Request.
  Time since last request: 151.384396 seconds.
  path: Assets/Tilemaps/Test3_Tilemap.prefab
  artifactKey: Guid(c02ff0c96319edb42a4ed371b72cfc8f) Importer(815301076,1909f56bfc062723c751e8b465ee728b)
Start importing Assets/Tilemaps/Test3_Tilemap.prefab using Guid(c02ff0c96319edb42a4ed371b72cfc8f) Importer(815301076,1909f56bfc062723c751e8b465ee728b)  -> (artifact id: '39270113ee061162bcf594b2ea683cf3') in 0.018330 seconds 
========================================================================
Received Import Request.
  Time since last request: 51.028413 seconds.
  path: Assets/Tilemaps/Test3_Tilemap.prefab
  artifactKey: Guid(c02ff0c96319edb42a4ed371b72cfc8f) Importer(815301076,1909f56bfc062723c751e8b465ee728b)
Start importing Assets/Tilemaps/Test3_Tilemap.prefab using Guid(c02ff0c96319edb42a4ed371b72cfc8f) Importer(815301076,1909f56bfc062723c751e8b465ee728b)  -> (artifact id: '2e005a0db6e3884ee57132f450829ae0') in 0.020703 seconds 
========================================================================
Received Import Request.
  Time since last request: 3.405135 seconds.
  path: Assets/Tilemaps/Test3_Tilemap.prefab
  artifactKey: Guid(c02ff0c96319edb42a4ed371b72cfc8f) Importer(815301076,1909f56bfc062723c751e8b465ee728b)
Start importing Assets/Tilemaps/Test3_Tilemap.prefab using Guid(c02ff0c96319edb42a4ed371b72cfc8f) Importer(815301076,1909f56bfc062723c751e8b465ee728b)  -> (artifact id: '6e39f62ead7a8c0afcd820a885440f90') in 0.026842 seconds 
========================================================================
Received Import Request.
  Time since last request: 2.805139 seconds.
  path: Assets/Tilemaps/Test3_Tilemap.prefab
  artifactKey: Guid(c02ff0c96319edb42a4ed371b72cfc8f) Importer(815301076,1909f56bfc062723c751e8b465ee728b)
Start importing Assets/Tilemaps/Test3_Tilemap.prefab using Guid(c02ff0c96319edb42a4ed371b72cfc8f) Importer(815301076,1909f56bfc062723c751e8b465ee728b)  -> (artifact id: '4f40e5c655c5bd55394a1ab9e66232ba') in 0.017761 seconds 
========================================================================
Received Import Request.
  Time since last request: 3.025872 seconds.
  path: Assets/Tilemaps/Test3_Tilemap.prefab
  artifactKey: Guid(c02ff0c96319edb42a4ed371b72cfc8f) Importer(815301076,1909f56bfc062723c751e8b465ee728b)
Start importing Assets/Tilemaps/Test3_Tilemap.prefab using Guid(c02ff0c96319edb42a4ed371b72cfc8f) Importer(815301076,1909f56bfc062723c751e8b465ee728b)  -> (artifact id: 'dfaf43ea23207d58e7bbaf8ca27c294f') in 0.018882 seconds 
========================================================================
Received Import Request.
  Time since last request: 2.808125 seconds.
  path: Assets/Tilemaps/Test3_Tilemap.prefab
  artifactKey: Guid(c02ff0c96319edb42a4ed371b72cfc8f) Importer(815301076,1909f56bfc062723c751e8b465ee728b)
Start importing Assets/Tilemaps/Test3_Tilemap.prefab using Guid(c02ff0c96319edb42a4ed371b72cfc8f) Importer(815301076,1909f56bfc062723c751e8b465ee728b)  -> (artifact id: '15d2980cb14f625d9945ff4563b2e8fa') in 0.019403 seconds 
========================================================================
Received Import Request.
  Time since last request: 0.973256 seconds.
  path: Assets/Tilemaps/Test3_Tilemap.prefab
  artifactKey: Guid(c02ff0c96319edb42a4ed371b72cfc8f) Importer(815301076,1909f56bfc062723c751e8b465ee728b)
Start importing Assets/Tilemaps/Test3_Tilemap.prefab using Guid(c02ff0c96319edb42a4ed371b72cfc8f) Importer(815301076,1909f56bfc062723c751e8b465ee728b)  -> (artifact id: '67f9db9a853c99393dcb5425b9a2262a') in 0.610426 seconds 
========================================================================
Received Import Request.
  Time since last request: 1.422994 seconds.
  path: Assets/Tilemaps/Test3_Tilemap.prefab
  artifactKey: Guid(c02ff0c96319edb42a4ed371b72cfc8f) Importer(815301076,1909f56bfc062723c751e8b465ee728b)
Start importing Assets/Tilemaps/Test3_Tilemap.prefab using Guid(c02ff0c96319edb42a4ed371b72cfc8f) Importer(815301076,1909f56bfc062723c751e8b465ee728b)  -> (artifact id: '251cfce978c3f3578c683a5a2fe99c7e') in 0.015911 seconds 
========================================================================
Received Import Request.
  Time since last request: 0.982037 seconds.
  path: Assets/Tilemaps/Test3_Tilemap.prefab
  artifactKey: Guid(c02ff0c96319edb42a4ed371b72cfc8f) Importer(815301076,1909f56bfc062723c751e8b465ee728b)
Start importing Assets/Tilemaps/Test3_Tilemap.prefab using Guid(c02ff0c96319edb42a4ed371b72cfc8f) Importer(815301076,1909f56bfc062723c751e8b465ee728b)  -> (artifact id: 'a2fdfeca2d71ef9dde77bb923a606ef3') in 0.029560 seconds 
========================================================================
Received Import Request.
  Time since last request: 20.871328 seconds.
  path: Assets/Tilemaps/Test3_Tilemap.prefab
  artifactKey: Guid(c02ff0c96319edb42a4ed371b72cfc8f) Importer(815301076,1909f56bfc062723c751e8b465ee728b)
Start importing Assets/Tilemaps/Test3_Tilemap.prefab using Guid(c02ff0c96319edb42a4ed371b72cfc8f) Importer(815301076,1909f56bfc062723c751e8b465ee728b)  -> (artifact id: '16b26fbea820fe119da81e22c8c2a077') in 0.029943 seconds 
========================================================================
Received Import Request.
  Time since last request: 10.440003 seconds.
  path: Assets/Tilemaps/Test3_Tilemap.prefab
  artifactKey: Guid(c02ff0c96319edb42a4ed371b72cfc8f) Importer(815301076,1909f56bfc062723c751e8b465ee728b)
Start importing Assets/Tilemaps/Test3_Tilemap.prefab using Guid(c02ff0c96319edb42a4ed371b72cfc8f) Importer(815301076,1909f56bfc062723c751e8b465ee728b)  -> (artifact id: 'bed58ee5668b95aaa4d2e3c1873f832f') in 0.011156 seconds 
========================================================================
Received Import Request.
  Time since last request: 42.681381 seconds.
  path: Assets/Tilemaps/Test3_Tilemap.prefab
  artifactKey: Guid(c02ff0c96319edb42a4ed371b72cfc8f) Importer(815301076,1909f56bfc062723c751e8b465ee728b)
Start importing Assets/Tilemaps/Test3_Tilemap.prefab using Guid(c02ff0c96319edb42a4ed371b72cfc8f) Importer(815301076,1909f56bfc062723c751e8b465ee728b)  -> (artifact id: '50116400b0fddefdb47f82740c0b699f') in 0.010297 seconds 
========================================================================
Received Import Request.
  Time since last request: 0.791606 seconds.
  path: Assets/Tilemaps/Test3_Tilemap.prefab
  artifactKey: Guid(c02ff0c96319edb42a4ed371b72cfc8f) Importer(815301076,1909f56bfc062723c751e8b465ee728b)
Start importing Assets/Tilemaps/Test3_Tilemap.prefab using Guid(c02ff0c96319edb42a4ed371b72cfc8f) Importer(815301076,1909f56bfc062723c751e8b465ee728b)  -> (artifact id: 'ba509a08f02bddcd77e882d201725811') in 0.010274 seconds 
========================================================================
Received Import Request.
  Time since last request: 0.610734 seconds.
  path: Assets/Tilemaps/Test3_Tilemap.prefab
  artifactKey: Guid(c02ff0c96319edb42a4ed371b72cfc8f) Importer(815301076,1909f56bfc062723c751e8b465ee728b)
Start importing Assets/Tilemaps/Test3_Tilemap.prefab using Guid(c02ff0c96319edb42a4ed371b72cfc8f) Importer(815301076,1909f56bfc062723c751e8b465ee728b)  -> (artifact id: 'aa9a28b355bdf9b34d61e3c25e746e95') in 0.018285 seconds 
========================================================================
Received Import Request.
  Time since last request: 0.380468 seconds.
  path: Assets/Tilemaps/Test3_Tilemap.prefab
  artifactKey: Guid(c02ff0c96319edb42a4ed371b72cfc8f) Importer(815301076,1909f56bfc062723c751e8b465ee728b)
Start importing Assets/Tilemaps/Test3_Tilemap.prefab using Guid(c02ff0c96319edb42a4ed371b72cfc8f) Importer(815301076,1909f56bfc062723c751e8b465ee728b)  -> (artifact id: 'cd08a9bde157d9d8ee45edca5a1c78f8') in 0.010232 seconds 
========================================================================
Received Import Request.
  Time since last request: 0.390653 seconds.
  path: Assets/Tilemaps/Test3_Tilemap.prefab
  artifactKey: Guid(c02ff0c96319edb42a4ed371b72cfc8f) Importer(815301076,1909f56bfc062723c751e8b465ee728b)
Start importing Assets/Tilemaps/Test3_Tilemap.prefab using Guid(c02ff0c96319edb42a4ed371b72cfc8f) Importer(815301076,1909f56bfc062723c751e8b465ee728b)  -> (artifact id: '55201672c2d763a3f176a6990d3a1080') in 0.020391 seconds 
========================================================================
Received Import Request.
  Time since last request: 3.844599 seconds.
  path: Assets/Tilemaps/Test3_Tilemap.prefab
  artifactKey: Guid(c02ff0c96319edb42a4ed371b72cfc8f) Importer(815301076,1909f56bfc062723c751e8b465ee728b)
Start importing Assets/Tilemaps/Test3_Tilemap.prefab using Guid(c02ff0c96319edb42a4ed371b72cfc8f) Importer(815301076,1909f56bfc062723c751e8b465ee728b)  -> (artifact id: '579e3eb51f57e2fc262c4425cfe29a2c') in 0.008656 seconds 
========================================================================
Received Import Request.
  Time since last request: 11.852199 seconds.
  path: Assets/Tilemaps/Test3_Tilemap.prefab
  artifactKey: Guid(c02ff0c96319edb42a4ed371b72cfc8f) Importer(815301076,1909f56bfc062723c751e8b465ee728b)
Start importing Assets/Tilemaps/Test3_Tilemap.prefab using Guid(c02ff0c96319edb42a4ed371b72cfc8f) Importer(815301076,1909f56bfc062723c751e8b465ee728b)  -> (artifact id: '2b9927333b8588cc30cc2c112932c2ff') in 0.009880 seconds 
========================================================================
Received Import Request.
  Time since last request: 400.756542 seconds.
  path: Assets/Tilemaps/Test3_Tilemap.prefab
  artifactKey: Guid(c02ff0c96319edb42a4ed371b72cfc8f) Importer(815301076,1909f56bfc062723c751e8b465ee728b)
Start importing Assets/Tilemaps/Test3_Tilemap.prefab using Guid(c02ff0c96319edb42a4ed371b72cfc8f) Importer(815301076,1909f56bfc062723c751e8b465ee728b)  -> (artifact id: '5449831740fa79dd2039bd68435a7cc9') in 0.016405 seconds 
========================================================================
Received Import Request.
  Time since last request: 74.147991 seconds.
  path: Assets/Tilemaps/Tilemap_Test4.prefab
  artifactKey: Guid(d63897d8c2c5a264398678518bb5d61d) Importer(815301076,1909f56bfc062723c751e8b465ee728b)
Start importing Assets/Tilemaps/Tilemap_Test4.prefab using Guid(d63897d8c2c5a264398678518bb5d61d) Importer(815301076,1909f56bfc062723c751e8b465ee728b)  -> (artifact id: '6d74d4623e957abe78ee450f853177cc') in 0.007978 seconds 
========================================================================
Received Import Request.
  Time since last request: 10.785733 seconds.
  path: Assets/Tilemaps/Tilemap_Test4.prefab
  artifactKey: Guid(d63897d8c2c5a264398678518bb5d61d) Importer(815301076,1909f56bfc062723c751e8b465ee728b)
Start importing Assets/Tilemaps/Tilemap_Test4.prefab using Guid(d63897d8c2c5a264398678518bb5d61d) Importer(815301076,1909f56bfc062723c751e8b465ee728b)  -> (artifact id: '5f084af2a019f5979461d9a76134f616') in 0.004764 seconds 
========================================================================
Received Import Request.
  Time since last request: 5.453023 seconds.
  path: Assets/Tilemaps/Tilemap_Test4.prefab
  artifactKey: Guid(d63897d8c2c5a264398678518bb5d61d) Importer(815301076,1909f56bfc062723c751e8b465ee728b)
Start importing Assets/Tilemaps/Tilemap_Test4.prefab using Guid(d63897d8c2c5a264398678518bb5d61d) Importer(815301076,1909f56bfc062723c751e8b465ee728b)  -> (artifact id: '22aa7da991b613f4b4680acba52e1545') in 0.005089 seconds 
========================================================================
Received Import Request.
  Time since last request: 43.469173 seconds.
  path: Assets/Tilemaps/Tilemap_Test4.prefab
  artifactKey: Guid(d63897d8c2c5a264398678518bb5d61d) Importer(815301076,1909f56bfc062723c751e8b465ee728b)
Start importing Assets/Tilemaps/Tilemap_Test4.prefab using Guid(d63897d8c2c5a264398678518bb5d61d) Importer(815301076,1909f56bfc062723c751e8b465ee728b)  -> (artifact id: '573b2b1e219726bdc48e9e49ef561c4c') in 0.025354 seconds 
========================================================================
Received Import Request.
  Time since last request: 233.475453 seconds.
  path: Assets/Square.asset
  artifactKey: Guid(8784e46ac2e79c0499c726627ad74bb7) Importer(815301076,1909f56bfc062723c751e8b465ee728b)
Start importing Assets/Square.asset using Guid(8784e46ac2e79c0499c726627ad74bb7) Importer(815301076,1909f56bfc062723c751e8b465ee728b)  -> (artifact id: 'f9c9b5d7f27e4b80c58d82ce497a62e0') in 0.014959 seconds 
========================================================================
Received Import Request.
  Time since last request: 34.926559 seconds.
  path: Assets/Square2.png
  artifactKey: Guid(d0878b7c686b57545a1b95ddbd5e216d) Importer(815301076,1909f56bfc062723c751e8b465ee728b)
Start importing Assets/Square2.png using Guid(d0878b7c686b57545a1b95ddbd5e216d) Importer(815301076,1909f56bfc062723c751e8b465ee728b)  -> (artifact id: 'fdae4c470fbb7f820ad48eff4eea2878') in 0.027726 seconds 
========================================================================
Received Import Request.
  Time since last request: 160.170978 seconds.
  path: Assets/Tilemaps/Test3_Tilemap.prefab
  artifactKey: Guid(c02ff0c96319edb42a4ed371b72cfc8f) Importer(815301076,1909f56bfc062723c751e8b465ee728b)
Start importing Assets/Tilemaps/Test3_Tilemap.prefab using Guid(c02ff0c96319edb42a4ed371b72cfc8f) Importer(815301076,1909f56bfc062723c751e8b465ee728b)  -> (artifact id: 'fd324add6085e78727f5cc699eb6a01e') in 0.013978 seconds 
========================================================================
Received Import Request.
  Time since last request: 21.999976 seconds.
  path: Assets/Tilemaps/TP_5.prefab
  artifactKey: Guid(88a409d3feb55d541a13be9904c4053b) Importer(815301076,1909f56bfc062723c751e8b465ee728b)
Start importing Assets/Tilemaps/TP_5.prefab using Guid(88a409d3feb55d541a13be9904c4053b) Importer(815301076,1909f56bfc062723c751e8b465ee728b)  -> (artifact id: '5d456daae18cad4fcc3b63f5ae7f751d') in 0.014672 seconds 
========================================================================
Received Import Request.
  Time since last request: 109.821823 seconds.
  path: Assets/Tilemaps/TP_5.prefab
  artifactKey: Guid(88a409d3feb55d541a13be9904c4053b) Importer(815301076,1909f56bfc062723c751e8b465ee728b)
Start importing Assets/Tilemaps/TP_5.prefab using Guid(88a409d3feb55d541a13be9904c4053b) Importer(815301076,1909f56bfc062723c751e8b465ee728b)  -> (artifact id: '8c34d86b7e423431364988cba188cc28') in 0.028390 seconds 
========================================================================
Received Import Request.
  Time since last request: 22.053368 seconds.
  path: Assets/Tilemaps/TP_5.prefab
  artifactKey: Guid(88a409d3feb55d541a13be9904c4053b) Importer(815301076,1909f56bfc062723c751e8b465ee728b)
Start importing Assets/Tilemaps/TP_5.prefab using Guid(88a409d3feb55d541a13be9904c4053b) Importer(815301076,1909f56bfc062723c751e8b465ee728b)  -> (artifact id: '0f3ebeeffce9dad041fd0f205308d561') in 0.008974 seconds 
========================================================================
Received Import Request.
  Time since last request: 8.636453 seconds.
  path: Assets/Tilemaps/TP_5.prefab
  artifactKey: Guid(88a409d3feb55d541a13be9904c4053b) Importer(815301076,1909f56bfc062723c751e8b465ee728b)
Start importing Assets/Tilemaps/TP_5.prefab using Guid(88a409d3feb55d541a13be9904c4053b) Importer(815301076,1909f56bfc062723c751e8b465ee728b)  -> (artifact id: '14ae63ad59c90907150dcf1b5aa363e2') in 0.008901 seconds 
========================================================================
Received Import Request.
  Time since last request: 370.539526 seconds.
  path: Assets/Tilemaps/TIle_Fnal
  artifactKey: Guid(054d39f657731e247a070deb214fb491) Importer(815301076,1909f56bfc062723c751e8b465ee728b)
Start importing Assets/Tilemaps/TIle_Fnal using Guid(054d39f657731e247a070deb214fb491) Importer(815301076,1909f56bfc062723c751e8b465ee728b)  -> (artifact id: 'dd7c5a5b3d8061f46efcf83ec49cdd6f') in 0.006949 seconds 
========================================================================
Received Import Request.
  Time since last request: 12.711990 seconds.
  path: Assets/Tilemaps/TIle_Fnal/Square.png
  artifactKey: Guid(dfe88e6ca73bf5648b687255cc9dac70) Importer(815301076,1909f56bfc062723c751e8b465ee728b)
Start importing Assets/Tilemaps/TIle_Fnal/Square.png using Guid(dfe88e6ca73bf5648b687255cc9dac70) Importer(815301076,1909f56bfc062723c751e8b465ee728b)  -> (artifact id: '3ed84f9ec22c8f12cf81cf0ad67f80f8') in 0.019859 seconds 
========================================================================
Received Import Request.
  Time since last request: 26.542374 seconds.
  path: Assets/Tilemaps/TIle_Fnal/Square.png
  artifactKey: Guid(dfe88e6ca73bf5648b687255cc9dac70) Importer(815301076,1909f56bfc062723c751e8b465ee728b)
Start importing Assets/Tilemaps/TIle_Fnal/Square.png using Guid(dfe88e6ca73bf5648b687255cc9dac70) Importer(815301076,1909f56bfc062723c751e8b465ee728b)  -> (artifact id: '8ede9abfcee08b1a95ae7dbbc8ddfb39') in 0.031516 seconds 
========================================================================
Received Import Request.
  Time since last request: 32.919497 seconds.
  path: Assets/Tilemaps/TIle_Fnal/Square.png
  artifactKey: Guid(dfe88e6ca73bf5648b687255cc9dac70) Importer(815301076,1909f56bfc062723c751e8b465ee728b)
Start importing Assets/Tilemaps/TIle_Fnal/Square.png using Guid(dfe88e6ca73bf5648b687255cc9dac70) Importer(815301076,1909f56bfc062723c751e8b465ee728b)  -> (artifact id: 'd88fcd4b7828da8f981e23f2fd1be7a6') in 0.018814 seconds 
========================================================================
Received Import Request.
  Time since last request: 26.565914 seconds.
  path: Assets/Tilemaps/TIle_Fnal/Square_Texture_Sprite.png
  artifactKey: Guid(dfe88e6ca73bf5648b687255cc9dac70) Importer(815301076,1909f56bfc062723c751e8b465ee728b)
Start importing Assets/Tilemaps/TIle_Fnal/Square_Texture_Sprite.png using Guid(dfe88e6ca73bf5648b687255cc9dac70) Importer(815301076,1909f56bfc062723c751e8b465ee728b)  -> (artifact id: '75d4b08d1e062882f33f2f75b439edb6') in 0.033760 seconds 
========================================================================
Received Import Request.
  Time since last request: 77.029391 seconds.
  path: Assets/Tilemaps/TIle_Fnal/Palette_Final.prefab
  artifactKey: Guid(c6aa7c64ec7bd5542b878aa2d147d0f8) Importer(815301076,1909f56bfc062723c751e8b465ee728b)
Start importing Assets/Tilemaps/TIle_Fnal/Palette_Final.prefab using Guid(c6aa7c64ec7bd5542b878aa2d147d0f8) Importer(815301076,1909f56bfc062723c751e8b465ee728b)  -> (artifact id: '29faf0584d5a33d5736db9a75a9131ea') in 0.019198 seconds 
========================================================================
Received Import Request.
  Time since last request: 9.110317 seconds.
  path: Assets/Tilemaps/TIle_Fnal/Palette_Final.prefab
  artifactKey: Guid(c6aa7c64ec7bd5542b878aa2d147d0f8) Importer(815301076,1909f56bfc062723c751e8b465ee728b)
Start importing Assets/Tilemaps/TIle_Fnal/Palette_Final.prefab using Guid(c6aa7c64ec7bd5542b878aa2d147d0f8) Importer(815301076,1909f56bfc062723c751e8b465ee728b)  -> (artifact id: '8441fd63901ef1d1b0f0bd01dd8f5269') in 0.038693 seconds 
========================================================================
Received Import Request.
  Time since last request: 107.376706 seconds.
  path: Assets/Tilemaps/TIle_Fnal/Palette_Final.prefab
  artifactKey: Guid(c6aa7c64ec7bd5542b878aa2d147d0f8) Importer(815301076,1909f56bfc062723c751e8b465ee728b)
Start importing Assets/Tilemaps/TIle_Fnal/Palette_Final.prefab using Guid(c6aa7c64ec7bd5542b878aa2d147d0f8) Importer(815301076,1909f56bfc062723c751e8b465ee728b)  -> (artifact id: '6d98d50230dc2dee39b0931f883dfc46') in 0.013902 seconds 
========================================================================
Received Import Request.
  Time since last request: 245.904664 seconds.
  path: Assets/Tilemaps/TIle_Fnal/Palette_Final.prefab
  artifactKey: Guid(c6aa7c64ec7bd5542b878aa2d147d0f8) Importer(815301076,1909f56bfc062723c751e8b465ee728b)
Start importing Assets/Tilemaps/TIle_Fnal/Palette_Final.prefab using Guid(c6aa7c64ec7bd5542b878aa2d147d0f8) Importer(815301076,1909f56bfc062723c751e8b465ee728b)  -> (artifact id: '680acbc2e2fd5c9043c7dab491429d22') in 0.013238 seconds 
========================================================================
Received Import Request.
  Time since last request: 73.579212 seconds.
  path: Assets/Tilemaps/TIle_Fnal/Final_Final_Palette.prefab
  artifactKey: Guid(c0b1cbcdb4d3c9f498f147ca6388edf8) Importer(815301076,1909f56bfc062723c751e8b465ee728b)
Start importing Assets/Tilemaps/TIle_Fnal/Final_Final_Palette.prefab using Guid(c0b1cbcdb4d3c9f498f147ca6388edf8) Importer(815301076,1909f56bfc062723c751e8b465ee728b)  -> (artifact id: 'e17a78285d901cf6307d9358e76c154f') in 0.016043 seconds 
========================================================================
Received Import Request.
  Time since last request: 98.871280 seconds.
  path: Assets/Tilemaps/TIle_Fnal/Final_Final_Palette.prefab
  artifactKey: Guid(c0b1cbcdb4d3c9f498f147ca6388edf8) Importer(815301076,1909f56bfc062723c751e8b465ee728b)
Start importing Assets/Tilemaps/TIle_Fnal/Final_Final_Palette.prefab using Guid(c0b1cbcdb4d3c9f498f147ca6388edf8) Importer(815301076,1909f56bfc062723c751e8b465ee728b)  -> (artifact id: '020e77bc1d1b869bf20d19f4fdb13867') in 0.046329 seconds 
========================================================================
Received Import Request.
  Time since last request: 139.893417 seconds.
  path: Assets/Tilemaps/TIle_Fnal/Final_Final_Palette.prefab
  artifactKey: Guid(c0b1cbcdb4d3c9f498f147ca6388edf8) Importer(815301076,1909f56bfc062723c751e8b465ee728b)
Start importing Assets/Tilemaps/TIle_Fnal/Final_Final_Palette.prefab using Guid(c0b1cbcdb4d3c9f498f147ca6388edf8) Importer(815301076,1909f56bfc062723c751e8b465ee728b)  -> (artifact id: '3e6cddda573d5568f3e463e654b0170a') in 0.012556 seconds 
========================================================================
Received Import Request.
  Time since last request: 0.000026 seconds.
  path: Assets/Tilemaps/TIle_Fnal/Square_Texture_Sprite.asset
  artifactKey: Guid(454879aa5ddf03342bc532bdf1483d1f) Importer(815301076,1909f56bfc062723c751e8b465ee728b)
Start importing Assets/Tilemaps/TIle_Fnal/Square_Texture_Sprite.asset using Guid(454879aa5ddf03342bc532bdf1483d1f) Importer(815301076,1909f56bfc062723c751e8b465ee728b)  -> (artifact id: '2fdac8171986f772f3adcdea2f4afb80') in 0.010630 seconds 
========================================================================
Received Import Request.
  Time since last request: 0.000021 seconds.
  path: Assets/Tilemaps/TIle_Fnal/Square_FINAL_Texture_Sprite.asset
  artifactKey: Guid(df05ed83b61b4ec4caf239fedd0ebff8) Importer(815301076,1909f56bfc062723c751e8b465ee728b)
Start importing Assets/Tilemaps/TIle_Fnal/Square_FINAL_Texture_Sprite.asset using Guid(df05ed83b61b4ec4caf239fedd0ebff8) Importer(815301076,1909f56bfc062723c751e8b465ee728b)  -> (artifact id: '6c502a4cda00abcfb3f45bd6364d7029') in 0.008909 seconds 
========================================================================
Received Prepare
Registering precompiled user dll's ...
Registered in 0.006541 seconds.
Begin MonoManager ReloadAssembly
Native extension for WindowsStandalone target not found
Native extension for WebGL target not found
Refreshing native plugins compatible for Editor in 2.14 ms, found 4 plugins.
Preloading 0 native plugins for Editor in 0.00 ms.
Mono: successfully reloaded assembly
- Completed reload, in  1.319 seconds
Domain Reload Profiling:
	ReloadAssembly (1319ms)
		BeginReloadAssembly (170ms)
			ExecutionOrderSort (0ms)
			DisableScriptedObjects (9ms)
			BackupInstance (0ms)
			ReleaseScriptingObjects (0ms)
			CreateAndSetChildDomain (79ms)
		EndReloadAssembly (1049ms)
			LoadAssemblies (81ms)
			RebuildTransferFunctionScriptingTraits (0ms)
			SetupTypeCache (328ms)
			ReleaseScriptCaches (2ms)
			RebuildScriptCaches (72ms)
			SetupLoadedEditorAssemblies (488ms)
				LogAssemblyErrors (0ms)
				InitializePlatformSupportModulesInManaged (16ms)
				SetLoadedEditorAssemblies (1ms)
				RefreshPlugins (2ms)
				BeforeProcessingInitializeOnLoad (95ms)
				ProcessInitializeOnLoadAttributes (323ms)
				ProcessInitializeOnLoadMethodAttributes (44ms)
				AfterProcessingInitializeOnLoad (7ms)
				EditorAssembliesLoaded (0ms)
			ExecutionOrderSort2 (0ms)
			AwakeInstancesAfterBackupRestoration (11ms)
Platform modules already initialized, skipping
Refreshing native plugins compatible for Editor in 2.23 ms, found 4 plugins.
Preloading 0 native plugins for Editor in 0.00 ms.
Unloading 4381 Unused Serialized files (Serialized files now loaded: 0)
Unloading 34 unused Assets / (196.1 KB). Loaded Objects now: 4903.
Memory consumption went from 178.8 MB to 178.6 MB.
Total: 4.408100 ms (FindLiveObjects: 0.325700 ms CreateObjectMapping: 0.233900 ms MarkObjects: 3.591400 ms  DeleteObjects: 0.255800 ms)

AssetImportParameters requested are different than current active one (requested -> active):
  custom:video-decoder-ogg-theora: a1e56fd34408186e4bbccfd4996cb3dc -> 
  custom:container-muxer-webm: aa71ff27fc2769a1b78a27578f13a17b -> 
  custom:container-demuxer-webm: 4f35f7cbe854078d1ac9338744f61a02 -> 
  custom:video-encoder-webm-vp8: eb34c28f22e8b96e1ab97ce403110664 -> 
  custom:video-codec-MediaFoundation-h265: 746d11721c4dcdbdad8f713fa42b33f4 -> 
  custom:audio-encoder-webm-vorbis: bf7c407c2cedff20999df2af8eb42d56 -> 
  custom:framework-win-MediaFoundation: 216162199b28c13a410421893ffa2e32 -> 
  custom:container-demuxer-ogg: 62fdf1f143b41e24485cea50d1cbac27 -> 
  custom:video-decoder-webm-vp8: 9c59270c3fd7afecdb556c50c9e8de78 -> 
  custom:audio-decoder-ogg-vorbis: bf7c407c2cedff20999df2af8eb42d56 -> 
========================================================================
Received Prepare
Registering precompiled user dll's ...
Registered in 0.011723 seconds.
Begin MonoManager ReloadAssembly
Native extension for WindowsStandalone target not found
Native extension for WebGL target not found
Refreshing native plugins compatible for Editor in 2.04 ms, found 4 plugins.
Preloading 0 native plugins for Editor in 0.00 ms.
Mono: successfully reloaded assembly
- Completed reload, in  1.219 seconds
Domain Reload Profiling:
	ReloadAssembly (1220ms)
		BeginReloadAssembly (122ms)
			ExecutionOrderSort (0ms)
			DisableScriptedObjects (7ms)
			BackupInstance (0ms)
			ReleaseScriptingObjects (0ms)
			CreateAndSetChildDomain (43ms)
		EndReloadAssembly (1003ms)
			LoadAssemblies (76ms)
			RebuildTransferFunctionScriptingTraits (0ms)
			SetupTypeCache (286ms)
			ReleaseScriptCaches (2ms)
			RebuildScriptCaches (59ms)
			SetupLoadedEditorAssemblies (497ms)
				LogAssemblyErrors (0ms)
				InitializePlatformSupportModulesInManaged (16ms)
				SetLoadedEditorAssemblies (1ms)
				RefreshPlugins (2ms)
				BeforeProcessingInitializeOnLoad (92ms)
				ProcessInitializeOnLoadAttributes (334ms)
				ProcessInitializeOnLoadMethodAttributes (46ms)
				AfterProcessingInitializeOnLoad (7ms)
				EditorAssembliesLoaded (0ms)
			ExecutionOrderSort2 (0ms)
			AwakeInstancesAfterBackupRestoration (9ms)
Platform modules already initialized, skipping
Refreshing native plugins compatible for Editor in 2.27 ms, found 4 plugins.
Preloading 0 native plugins for Editor in 0.00 ms.
Unloading 4381 Unused Serialized files (Serialized files now loaded: 0)
Unloading 31 unused Assets / (193.8 KB). Loaded Objects now: 4906.
Memory consumption went from 178.8 MB to 178.6 MB.
Total: 4.986100 ms (FindLiveObjects: 0.497200 ms CreateObjectMapping: 0.306600 ms MarkObjects: 4.024700 ms  DeleteObjects: 0.156500 ms)

AssetImportParameters requested are different than current active one (requested -> active):
  custom:video-decoder-ogg-theora: a1e56fd34408186e4bbccfd4996cb3dc -> 
  custom:container-muxer-webm: aa71ff27fc2769a1b78a27578f13a17b -> 
  custom:container-demuxer-webm: 4f35f7cbe854078d1ac9338744f61a02 -> 
  custom:video-encoder-webm-vp8: eb34c28f22e8b96e1ab97ce403110664 -> 
  custom:video-codec-MediaFoundation-h265: 746d11721c4dcdbdad8f713fa42b33f4 -> 
  custom:audio-encoder-webm-vorbis: bf7c407c2cedff20999df2af8eb42d56 -> 
  custom:framework-win-MediaFoundation: 216162199b28c13a410421893ffa2e32 -> 
  custom:container-demuxer-ogg: 62fdf1f143b41e24485cea50d1cbac27 -> 
  custom:video-decoder-webm-vp8: 9c59270c3fd7afecdb556c50c9e8de78 -> 
  custom:audio-decoder-ogg-vorbis: bf7c407c2cedff20999df2af8eb42d56 -> 
========================================================================
Received Prepare
Registering precompiled user dll's ...
Registered in 0.008057 seconds.
Begin MonoManager ReloadAssembly
Native extension for WindowsStandalone target not found
Native extension for WebGL target not found
Refreshing native plugins compatible for Editor in 1.63 ms, found 4 plugins.
Preloading 0 native plugins for Editor in 0.00 ms.
Mono: successfully reloaded assembly
- Completed reload, in  1.284 seconds
Domain Reload Profiling:
	ReloadAssembly (1285ms)
		BeginReloadAssembly (131ms)
			ExecutionOrderSort (0ms)
			DisableScriptedObjects (6ms)
			BackupInstance (0ms)
			ReleaseScriptingObjects (0ms)
			CreateAndSetChildDomain (41ms)
		EndReloadAssembly (1038ms)
			LoadAssemblies (87ms)
			RebuildTransferFunctionScriptingTraits (0ms)
			SetupTypeCache (320ms)
			ReleaseScriptCaches (2ms)
			RebuildScriptCaches (63ms)
			SetupLoadedEditorAssemblies (480ms)
				LogAssemblyErrors (0ms)
				InitializePlatformSupportModulesInManaged (17ms)
				SetLoadedEditorAssemblies (1ms)
				RefreshPlugins (2ms)
				BeforeProcessingInitializeOnLoad (96ms)
				ProcessInitializeOnLoadAttributes (315ms)
				ProcessInitializeOnLoadMethodAttributes (45ms)
				AfterProcessingInitializeOnLoad (5ms)
				EditorAssembliesLoaded (0ms)
			ExecutionOrderSort2 (0ms)
			AwakeInstancesAfterBackupRestoration (11ms)
Platform modules already initialized, skipping
Refreshing native plugins compatible for Editor in 3.94 ms, found 4 plugins.
Preloading 0 native plugins for Editor in 0.00 ms.
Unloading 4381 Unused Serialized files (Serialized files now loaded: 0)
Unloading 31 unused Assets / (193.7 KB). Loaded Objects now: 4909.
Memory consumption went from 178.8 MB to 178.6 MB.
Total: 4.619800 ms (FindLiveObjects: 0.362700 ms CreateObjectMapping: 0.298400 ms MarkObjects: 3.749200 ms  DeleteObjects: 0.208200 ms)

AssetImportParameters requested are different than current active one (requested -> active):
  custom:video-decoder-ogg-theora: a1e56fd34408186e4bbccfd4996cb3dc -> 
  custom:container-muxer-webm: aa71ff27fc2769a1b78a27578f13a17b -> 
  custom:container-demuxer-webm: 4f35f7cbe854078d1ac9338744f61a02 -> 
  custom:video-encoder-webm-vp8: eb34c28f22e8b96e1ab97ce403110664 -> 
  custom:video-codec-MediaFoundation-h265: 746d11721c4dcdbdad8f713fa42b33f4 -> 
  custom:audio-encoder-webm-vorbis: bf7c407c2cedff20999df2af8eb42d56 -> 
  custom:framework-win-MediaFoundation: 216162199b28c13a410421893ffa2e32 -> 
  custom:container-demuxer-ogg: 62fdf1f143b41e24485cea50d1cbac27 -> 
  custom:video-decoder-webm-vp8: 9c59270c3fd7afecdb556c50c9e8de78 -> 
  custom:audio-decoder-ogg-vorbis: bf7c407c2cedff20999df2af8eb42d56 -> 
========================================================================
Received Prepare
Registering precompiled user dll's ...
Registered in 0.007608 seconds.
Begin MonoManager ReloadAssembly
Native extension for WindowsStandalone target not found
Native extension for WebGL target not found
Refreshing native plugins compatible for Editor in 2.46 ms, found 4 plugins.
Preloading 0 native plugins for Editor in 0.00 ms.
Mono: successfully reloaded assembly
- Completed reload, in  1.310 seconds
Domain Reload Profiling:
	ReloadAssembly (1310ms)
		BeginReloadAssembly (125ms)
			ExecutionOrderSort (0ms)
			DisableScriptedObjects (7ms)
			BackupInstance (0ms)
			ReleaseScriptingObjects (0ms)
			CreateAndSetChildDomain (43ms)
		EndReloadAssembly (1084ms)
			LoadAssemblies (77ms)
			RebuildTransferFunctionScriptingTraits (0ms)
			SetupTypeCache (312ms)
			ReleaseScriptCaches (2ms)
			RebuildScriptCaches (64ms)
			SetupLoadedEditorAssemblies (527ms)
				LogAssemblyErrors (0ms)
				InitializePlatformSupportModulesInManaged (17ms)
				SetLoadedEditorAssemblies (1ms)
				RefreshPlugins (3ms)
				BeforeProcessingInitializeOnLoad (108ms)
				ProcessInitializeOnLoadAttributes (346ms)
				ProcessInitializeOnLoadMethodAttributes (45ms)
				AfterProcessingInitializeOnLoad (7ms)
				EditorAssembliesLoaded (0ms)
			ExecutionOrderSort2 (0ms)
			AwakeInstancesAfterBackupRestoration (10ms)
Platform modules already initialized, skipping
Refreshing native plugins compatible for Editor in 2.07 ms, found 4 plugins.
Preloading 0 native plugins for Editor in 0.00 ms.
Unloading 4381 Unused Serialized files (Serialized files now loaded: 0)
Unloading 31 unused Assets / (193.7 KB). Loaded Objects now: 4912.
Memory consumption went from 178.8 MB to 178.6 MB.
Total: 3.456100 ms (FindLiveObjects: 0.282000 ms CreateObjectMapping: 0.223700 ms MarkObjects: 2.804600 ms  DeleteObjects: 0.144800 ms)

AssetImportParameters requested are different than current active one (requested -> active):
  custom:video-decoder-ogg-theora: a1e56fd34408186e4bbccfd4996cb3dc -> 
  custom:container-muxer-webm: aa71ff27fc2769a1b78a27578f13a17b -> 
  custom:container-demuxer-webm: 4f35f7cbe854078d1ac9338744f61a02 -> 
  custom:video-encoder-webm-vp8: eb34c28f22e8b96e1ab97ce403110664 -> 
  custom:video-codec-MediaFoundation-h265: 746d11721c4dcdbdad8f713fa42b33f4 -> 
  custom:audio-encoder-webm-vorbis: bf7c407c2cedff20999df2af8eb42d56 -> 
  custom:framework-win-MediaFoundation: 216162199b28c13a410421893ffa2e32 -> 
  custom:container-demuxer-ogg: 62fdf1f143b41e24485cea50d1cbac27 -> 
  custom:video-decoder-webm-vp8: 9c59270c3fd7afecdb556c50c9e8de78 -> 
  custom:audio-decoder-ogg-vorbis: bf7c407c2cedff20999df2af8eb42d56 -> 
