Using pre-set license
Built from '2021.3/staging' branch; Version is '2021.3.2f1 (d6360bedb9a0) revision 14038539'; Using compiler version '192829333'; Build Type 'Release'
OS: 'Windows 11  (10.0.22000) 64bit Core' Language: 'en' Physical Memory: 15734 MB
BatchMode: 1, IsHumanControllingUs: 0, StartBugReporterOnCrash: 0, Is64bit: 1, IsPro: 1

COMMAND LINE ARGUMENTS:
C:\Program Files\Unity\Hub\Editor\2021.3.2f1\Editor\Unity.exe
-adb2
-batchMode
-noUpm
-name
AssetImportWorker3
-projectPath
C:/Users/cpdav/Documents/Unity_Projects/WwF_Clone/WwF_Clone
-logFile
Logs/AssetImportWorker3.log
-srvPort
52465
Successfully changed project path to: C:/Users/cpdav/Documents/Unity_Projects/WwF_Clone/WwF_Clone
C:/Users/cpdav/Documents/Unity_Projects/WwF_Clone/WwF_Clone
[UnityMemory] Configuration Parameters - Can be set up in boot.config
    "memorysetup-bucket-allocator-granularity=16"
    "memorysetup-bucket-allocator-bucket-count=8"
    "memorysetup-bucket-allocator-block-size=33554432"
    "memorysetup-bucket-allocator-block-count=8"
    "memorysetup-main-allocator-block-size=16777216"
    "memorysetup-thread-allocator-block-size=16777216"
    "memorysetup-gfx-main-allocator-block-size=16777216"
    "memorysetup-gfx-thread-allocator-block-size=16777216"
    "memorysetup-cache-allocator-block-size=4194304"
    "memorysetup-typetree-allocator-block-size=2097152"
    "memorysetup-profiler-bucket-allocator-granularity=16"
    "memorysetup-profiler-bucket-allocator-bucket-count=8"
    "memorysetup-profiler-bucket-allocator-block-size=33554432"
    "memorysetup-profiler-bucket-allocator-block-count=8"
    "memorysetup-profiler-allocator-block-size=16777216"
    "memorysetup-profiler-editor-allocator-block-size=1048576"
    "memorysetup-temp-allocator-size-main=16777216"
    "memorysetup-job-temp-allocator-block-size=2097152"
    "memorysetup-job-temp-allocator-block-size-background=1048576"
    "memorysetup-job-temp-allocator-reduction-small-platforms=262144"
    "memorysetup-temp-allocator-size-background-worker=32768"
    "memorysetup-temp-allocator-size-job-worker=262144"
    "memorysetup-temp-allocator-size-preload-manager=33554432"
    "memorysetup-temp-allocator-size-nav-mesh-worker=65536"
    "memorysetup-temp-allocator-size-audio-worker=65536"
    "memorysetup-temp-allocator-size-cloud-worker=32768"
    "memorysetup-temp-allocator-size-gi-baking-worker=262144"
    "memorysetup-temp-allocator-size-gfx=262144"
Refreshing native plugins compatible for Editor in 139.02 ms, found 4 plugins.
Preloading 0 native plugins for Editor in 0.00 ms.
Initialize engine version: 2021.3.2f1 (d6360bedb9a0)
[Subsystems] Discovering subsystems at path C:/Program Files/Unity/Hub/Editor/2021.3.2f1/Editor/Data/Resources/UnitySubsystems
[Subsystems] Discovering subsystems at path C:/Users/cpdav/Documents/Unity_Projects/WwF_Clone/WwF_Clone/Assets
GfxDevice: creating device client; threaded=0; jobified=0
Direct3D:
    Version:  Direct3D 11.0 [level 11.1]
    Renderer: NVIDIA GeForce RTX 3050 Ti Laptop GPU (ID=0x2563)
    Vendor:   NVIDIA
    VRAM:     3990 MB
    Driver:   30.0.14.7219
Initialize mono
Mono path[0] = 'C:/Program Files/Unity/Hub/Editor/2021.3.2f1/Editor/Data/Managed'
Mono path[1] = 'C:/Program Files/Unity/Hub/Editor/2021.3.2f1/Editor/Data/MonoBleedingEdge/lib/mono/unityjit-win32'
Mono config path = 'C:/Program Files/Unity/Hub/Editor/2021.3.2f1/Editor/Data/MonoBleedingEdge/etc'
Using monoOptions --debugger-agent=transport=dt_socket,embedding=1,server=y,suspend=n,address=127.0.0.1:56020
Begin MonoManager ReloadAssembly
Registering precompiled unity dll's ...
Register platform support module: C:/Program Files/Unity/Hub/Editor/2021.3.2f1/Editor/Data/PlaybackEngines/WebGLSupport/UnityEditor.WebGL.Extensions.dll
Register platform support module: C:/Program Files/Unity/Hub/Editor/2021.3.2f1/Editor/Data/PlaybackEngines/WindowsStandaloneSupport/UnityEditor.WindowsStandalone.Extensions.dll
Registered in 0.004429 seconds.
Native extension for WindowsStandalone target not found
Native extension for WebGL target not found
Refreshing native plugins compatible for Editor in 126.02 ms, found 4 plugins.
Preloading 0 native plugins for Editor in 0.00 ms.
Mono: successfully reloaded assembly
- Completed reload, in  0.784 seconds
Domain Reload Profiling:
	ReloadAssembly (785ms)
		BeginReloadAssembly (84ms)
			ExecutionOrderSort (0ms)
			DisableScriptedObjects (0ms)
			BackupInstance (0ms)
			ReleaseScriptingObjects (0ms)
			CreateAndSetChildDomain (1ms)
		EndReloadAssembly (575ms)
			LoadAssemblies (81ms)
			RebuildTransferFunctionScriptingTraits (0ms)
			SetupTypeCache (121ms)
			ReleaseScriptCaches (0ms)
			RebuildScriptCaches (40ms)
			SetupLoadedEditorAssemblies (356ms)
				LogAssemblyErrors (0ms)
				InitializePlatformSupportModulesInManaged (8ms)
				SetLoadedEditorAssemblies (0ms)
				RefreshPlugins (126ms)
				BeforeProcessingInitializeOnLoad (2ms)
				ProcessInitializeOnLoadAttributes (163ms)
				ProcessInitializeOnLoadMethodAttributes (57ms)
				AfterProcessingInitializeOnLoad (0ms)
				EditorAssembliesLoaded (0ms)
			ExecutionOrderSort2 (0ms)
			AwakeInstancesAfterBackupRestoration (0ms)
Platform modules already initialized, skipping
Registering precompiled user dll's ...
Registered in 0.007301 seconds.
Begin MonoManager ReloadAssembly
Native extension for WindowsStandalone target not found
Native extension for WebGL target not found
Refreshing native plugins compatible for Editor in 124.02 ms, found 4 plugins.
Preloading 0 native plugins for Editor in 0.00 ms.
Mono: successfully reloaded assembly
- Completed reload, in  1.459 seconds
Domain Reload Profiling:
	ReloadAssembly (1460ms)
		BeginReloadAssembly (127ms)
			ExecutionOrderSort (0ms)
			DisableScriptedObjects (6ms)
			BackupInstance (0ms)
			ReleaseScriptingObjects (0ms)
			CreateAndSetChildDomain (27ms)
		EndReloadAssembly (1205ms)
			LoadAssemblies (95ms)
			RebuildTransferFunctionScriptingTraits (0ms)
			SetupTypeCache (313ms)
			ReleaseScriptCaches (1ms)
			RebuildScriptCaches (79ms)
			SetupLoadedEditorAssemblies (656ms)
				LogAssemblyErrors (0ms)
				InitializePlatformSupportModulesInManaged (6ms)
				SetLoadedEditorAssemblies (0ms)
				RefreshPlugins (124ms)
				BeforeProcessingInitializeOnLoad (124ms)
				ProcessInitializeOnLoadAttributes (348ms)
				ProcessInitializeOnLoadMethodAttributes (49ms)
				AfterProcessingInitializeOnLoad (5ms)
				EditorAssembliesLoaded (0ms)
			ExecutionOrderSort2 (0ms)
			AwakeInstancesAfterBackupRestoration (6ms)
Platform modules already initialized, skipping
========================================================================
Worker process is ready to serve import requests
Launched and connected shader compiler UnityShaderCompiler.exe after 0.08 seconds
Refreshing native plugins compatible for Editor in 1.97 ms, found 4 plugins.
Preloading 0 native plugins for Editor in 0.00 ms.
Unloading 4386 Unused Serialized files (Serialized files now loaded: 0)
Unloading 46 unused Assets / (225.4 KB). Loaded Objects now: 4844.
Memory consumption went from 168.8 MB to 168.6 MB.
Total: 10.458700 ms (FindLiveObjects: 0.780700 ms CreateObjectMapping: 0.849600 ms MarkObjects: 8.590400 ms  DeleteObjects: 0.236600 ms)

AssetImportParameters requested are different than current active one (requested -> active):
  custom:video-decoder-ogg-theora: a1e56fd34408186e4bbccfd4996cb3dc -> 
  custom:container-muxer-webm: aa71ff27fc2769a1b78a27578f13a17b -> 
  custom:container-demuxer-webm: 4f35f7cbe854078d1ac9338744f61a02 -> 
  custom:video-encoder-webm-vp8: eb34c28f22e8b96e1ab97ce403110664 -> 
  custom:video-codec-MediaFoundation-h265: 746d11721c4dcdbdad8f713fa42b33f4 -> 
  custom:audio-encoder-webm-vorbis: bf7c407c2cedff20999df2af8eb42d56 -> 
  custom:framework-win-MediaFoundation: 216162199b28c13a410421893ffa2e32 -> 
  custom:container-demuxer-ogg: 62fdf1f143b41e24485cea50d1cbac27 -> 
  custom:video-decoder-webm-vp8: 9c59270c3fd7afecdb556c50c9e8de78 -> 
  custom:audio-decoder-ogg-vorbis: bf7c407c2cedff20999df2af8eb42d56 -> 
========================================================================
Received Import Request.
  Time since last request: 841499.715840 seconds.
  path: Assets/Tilemaps/Square.png
  artifactKey: Guid(9f239e622c2421946802d3614f8988b8) Importer(815301076,1909f56bfc062723c751e8b465ee728b)
Start importing Assets/Tilemaps/Square.png using Guid(9f239e622c2421946802d3614f8988b8) Importer(815301076,1909f56bfc062723c751e8b465ee728b)  -> (artifact id: 'ebe3eab39ec927461e6aa2a19d96e0bc') in 0.118407 seconds 
========================================================================
Received Import Request.
  Time since last request: 510.109259 seconds.
  path: Assets/Tilemaps/Test3_Tilemap.prefab
  artifactKey: Guid(c02ff0c96319edb42a4ed371b72cfc8f) Importer(815301076,1909f56bfc062723c751e8b465ee728b)
Start importing Assets/Tilemaps/Test3_Tilemap.prefab using Guid(c02ff0c96319edb42a4ed371b72cfc8f) Importer(815301076,1909f56bfc062723c751e8b465ee728b)  -> (artifact id: '00e814485a48540d297365eecf5ff8bb') in 0.041827 seconds 
========================================================================
Received Import Request.
  Time since last request: 18.215413 seconds.
  path: Assets/Tilemaps/Test3_Tilemap.prefab
  artifactKey: Guid(c02ff0c96319edb42a4ed371b72cfc8f) Importer(815301076,1909f56bfc062723c751e8b465ee728b)
Start importing Assets/Tilemaps/Test3_Tilemap.prefab using Guid(c02ff0c96319edb42a4ed371b72cfc8f) Importer(815301076,1909f56bfc062723c751e8b465ee728b)  -> (artifact id: 'ec167f626cf648c7c818273f2014277d') in 0.013050 seconds 
========================================================================
Received Import Request.
  Time since last request: 1508.066348 seconds.
  path: Assets/Square2.png
  artifactKey: Guid(d0878b7c686b57545a1b95ddbd5e216d) Importer(815301076,1909f56bfc062723c751e8b465ee728b)
Start importing Assets/Square2.png using Guid(d0878b7c686b57545a1b95ddbd5e216d) Importer(815301076,1909f56bfc062723c751e8b465ee728b)  -> (artifact id: '4e7c789cfa525ddfb8557c8f97a3dafb') in 0.045663 seconds 
========================================================================
Received Import Request.
  Time since last request: 913.318684 seconds.
  path: Assets/Tilemaps/TIle_Fnal/Square_Texture_Sprite.asset
  artifactKey: Guid(454879aa5ddf03342bc532bdf1483d1f) Importer(815301076,1909f56bfc062723c751e8b465ee728b)
Start importing Assets/Tilemaps/TIle_Fnal/Square_Texture_Sprite.asset using Guid(454879aa5ddf03342bc532bdf1483d1f) Importer(815301076,1909f56bfc062723c751e8b465ee728b)  -> (artifact id: '95bfef72e22548c1d9045553b00dcbc3') in 0.047247 seconds 
========================================================================
Received Import Request.
  Time since last request: 353.296038 seconds.
  path: Assets/Tilemaps/TIle_Fnal/Square_Texture_Sprite.asset
  artifactKey: Guid(454879aa5ddf03342bc532bdf1483d1f) Importer(815301076,1909f56bfc062723c751e8b465ee728b)
Start importing Assets/Tilemaps/TIle_Fnal/Square_Texture_Sprite.asset using Guid(454879aa5ddf03342bc532bdf1483d1f) Importer(815301076,1909f56bfc062723c751e8b465ee728b)  -> (artifact id: '296e9ff1e88ca93d8339e40963086d8e') in 0.016914 seconds 
========================================================================
Received Import Request.
  Time since last request: 172.470910 seconds.
  path: Assets/Tilemaps/TIle_Fnal/Square_FINAL_Texture_Sprite.asset
  artifactKey: Guid(df05ed83b61b4ec4caf239fedd0ebff8) Importer(815301076,1909f56bfc062723c751e8b465ee728b)
Start importing Assets/Tilemaps/TIle_Fnal/Square_FINAL_Texture_Sprite.asset using Guid(df05ed83b61b4ec4caf239fedd0ebff8) Importer(815301076,1909f56bfc062723c751e8b465ee728b)  -> (artifact id: 'd77c3e5424a603e8b2f868cb651688eb') in 0.024063 seconds 
========================================================================
Received Import Request.
  Time since last request: 139.915351 seconds.
  path: Assets/Tilemaps/TIle_Fnal/Palette_Final.prefab
  artifactKey: Guid(c6aa7c64ec7bd5542b878aa2d147d0f8) Importer(815301076,1909f56bfc062723c751e8b465ee728b)
Start importing Assets/Tilemaps/TIle_Fnal/Palette_Final.prefab using Guid(c6aa7c64ec7bd5542b878aa2d147d0f8) Importer(815301076,1909f56bfc062723c751e8b465ee728b)  -> (artifact id: '64f637115771aa97ca5e09a31b2ae854') in 0.015787 seconds 
========================================================================
Received Import Request.
  Time since last request: 0.000030 seconds.
  path: Assets/Tilemaps/TIle_Fnal/Square_Texture_Sprite.png
  artifactKey: Guid(dfe88e6ca73bf5648b687255cc9dac70) Importer(815301076,1909f56bfc062723c751e8b465ee728b)
Start importing Assets/Tilemaps/TIle_Fnal/Square_Texture_Sprite.png using Guid(dfe88e6ca73bf5648b687255cc9dac70) Importer(815301076,1909f56bfc062723c751e8b465ee728b)  -> (artifact id: 'a42a718e241622fa099bd70f05f3d9fd') in 0.018723 seconds 
Editor requested this worker to shutdown with reason: Scaling down because of idle timeout
AssetImportWorker is now disconnected from the server
Process exiting
Exiting without the bug reporter. Application will terminate with return code 0