Using pre-set license
Built from '2022.1/release' branch; Version is '2022.1.0f1 (369b620af41c) revision 3578722'; Using compiler version '192829333'; Build Type 'Release'
OS: 'Windows 11  (10.0.22000) 64bit Core' Language: 'en' Physical Memory: 15734 MB
BatchMode: 1, IsHumanControllingUs: 0, StartBugReporterOnCrash: 0, Is64bit: 1, IsPro: 1

COMMAND LINE ARGUMENTS:
C:\Program Files\Unity\Hub\Editor\2022.1.0f1\Editor\Unity.exe
-adb2
-batchMode
-noUpm
-name
AssetImportWorker2
-projectPath
C:/Users/cpdav/Documents/Unity_Projects/WwF_Clone/WwF_Clone
-logFile
Logs/AssetImportWorker2.log
-srvPort
51507
Successfully changed project path to: C:/Users/cpdav/Documents/Unity_Projects/WwF_Clone/WwF_Clone
C:/Users/cpdav/Documents/Unity_Projects/WwF_Clone/WwF_Clone
[UnityMemory] Configuration Parameters - Can be set up in boot.config
    "memorysetup-bucket-allocator-granularity=16"
    "memorysetup-bucket-allocator-bucket-count=8"
    "memorysetup-bucket-allocator-block-size=33554432"
    "memorysetup-bucket-allocator-block-count=8"
    "memorysetup-main-allocator-block-size=16777216"
    "memorysetup-thread-allocator-block-size=16777216"
    "memorysetup-gfx-main-allocator-block-size=16777216"
    "memorysetup-gfx-thread-allocator-block-size=16777216"
    "memorysetup-cache-allocator-block-size=4194304"
    "memorysetup-typetree-allocator-block-size=2097152"
    "memorysetup-profiler-bucket-allocator-granularity=16"
    "memorysetup-profiler-bucket-allocator-bucket-count=8"
    "memorysetup-profiler-bucket-allocator-block-size=33554432"
    "memorysetup-profiler-bucket-allocator-block-count=8"
    "memorysetup-profiler-allocator-block-size=16777216"
    "memorysetup-profiler-editor-allocator-block-size=1048576"
    "memorysetup-temp-allocator-size-main=16777216"
    "memorysetup-job-temp-allocator-block-size=2097152"
    "memorysetup-job-temp-allocator-block-size-background=1048576"
    "memorysetup-job-temp-allocator-reduction-small-platforms=262144"
    "memorysetup-temp-allocator-size-background-worker=32768"
    "memorysetup-temp-allocator-size-job-worker=262144"
    "memorysetup-temp-allocator-size-preload-manager=33554432"
    "memorysetup-temp-allocator-size-nav-mesh-worker=65536"
    "memorysetup-temp-allocator-size-audio-worker=65536"
    "memorysetup-temp-allocator-size-cloud-worker=32768"
    "memorysetup-temp-allocator-size-gi-baking-worker=262144"
    "memorysetup-temp-allocator-size-gfx=262144"
Refreshing native plugins compatible for Editor in 225.71 ms, found 4 plugins.
Preloading 0 native plugins for Editor in 0.00 ms.
Initialize engine version: 2022.1.0f1 (369b620af41c)
[Subsystems] Discovering subsystems at path C:/Program Files/Unity/Hub/Editor/2022.1.0f1/Editor/Data/Resources/UnitySubsystems
[Subsystems] Discovering subsystems at path C:/Users/cpdav/Documents/Unity_Projects/WwF_Clone/WwF_Clone/Assets
GfxDevice: creating device client; threaded=0; jobified=0
Direct3D:
    Version:  Direct3D 11.0 [level 11.1]
    Renderer: AMD Radeon(TM) Graphics (ID=0x1638)
    Vendor:   ATI
    VRAM:     7867 MB
    Driver:   27.20.15026.8004
Initialize mono
Mono path[0] = 'C:/Program Files/Unity/Hub/Editor/2022.1.0f1/Editor/Data/Managed'
Mono path[1] = 'C:/Program Files/Unity/Hub/Editor/2022.1.0f1/Editor/Data/MonoBleedingEdge/lib/mono/unityjit-win32'
Mono config path = 'C:/Program Files/Unity/Hub/Editor/2022.1.0f1/Editor/Data/MonoBleedingEdge/etc'
Using monoOptions --debugger-agent=transport=dt_socket,embedding=1,server=y,suspend=n,address=127.0.0.1:56144
Begin MonoManager ReloadAssembly
Registering precompiled unity dll's ...
Register platform support module: C:/Program Files/Unity/Hub/Editor/2022.1.0f1/Editor/Data/PlaybackEngines/WebGLSupport/UnityEditor.WebGL.Extensions.dll
Register platform support module: C:/Program Files/Unity/Hub/Editor/2022.1.0f1/Editor/Data/PlaybackEngines/WindowsStandaloneSupport/UnityEditor.WindowsStandalone.Extensions.dll
Registered in 0.005544 seconds.
Native extension for WindowsStandalone target not found
Native extension for WebGL target not found
Refreshing native plugins compatible for Editor in 192.16 ms, found 4 plugins.
Preloading 0 native plugins for Editor in 0.00 ms.
Mono: successfully reloaded assembly
- Completed reload, in  1.164 seconds
Domain Reload Profiling:
	ReloadAssembly (1165ms)
		BeginReloadAssembly (115ms)
			ExecutionOrderSort (0ms)
			DisableScriptedObjects (0ms)
			BackupInstance (0ms)
			ReleaseScriptingObjects (0ms)
			CreateAndSetChildDomain (1ms)
		EndReloadAssembly (915ms)
			LoadAssemblies (111ms)
			RebuildTransferFunctionScriptingTraits (0ms)
			SetupTypeCache (218ms)
				TypeCache.Initialize (217ms)
					TypeCache.ScanAssembly (213ms)
				ResolveRequiredComponents (1ms)
			ReleaseScriptCaches (0ms)
			RebuildScriptCaches (48ms)
			SetupLoadedEditorAssemblies (555ms)
				LogAssemblyErrors (0ms)
				InitializePlatformSupportModulesInManaged (12ms)
				SetLoadedEditorAssemblies (14ms)
				RefreshPlugins (192ms)
				BeforeProcessingInitializeOnLoad (2ms)
				ProcessInitializeOnLoadAttributes (253ms)
				ProcessInitializeOnLoadMethodAttributes (81ms)
				AfterProcessingInitializeOnLoad (0ms)
				EditorAssembliesLoaded (0ms)
			ExecutionOrderSort2 (0ms)
			AwakeInstancesAfterBackupRestoration (0ms)
Platform modules already initialized, skipping
Registering precompiled user dll's ...
Registered in 0.009045 seconds.
Begin MonoManager ReloadAssembly
Symbol file LoadedFromMemory doesn't match image C:\Users\cpdav\Documents\Unity_Projects\WwF_Clone\WwF_Clone\Library\PackageCache\com.unity.visualscripting@1.7.6\Editor\VisualScripting.Core\Dependencies\YamlDotNet\Unity.VisualScripting.YamlDotNet.dll
Symbol file LoadedFromMemory doesn't match image C:\Users\cpdav\Documents\Unity_Projects\WwF_Clone\WwF_Clone\Library\PackageCache\com.unity.visualscripting@1.7.6\Editor\VisualScripting.Core\Dependencies\DotNetZip\Unity.VisualScripting.IonicZip.dll
Native extension for WindowsStandalone target not found
Native extension for WebGL target not found
Refreshing native plugins compatible for Editor in 232.17 ms, found 4 plugins.
Preloading 0 native plugins for Editor in 0.00 ms.
Mono: successfully reloaded assembly
- Completed reload, in  2.870 seconds
Domain Reload Profiling:
	ReloadAssembly (2871ms)
		BeginReloadAssembly (256ms)
			ExecutionOrderSort (0ms)
			DisableScriptedObjects (11ms)
			BackupInstance (0ms)
			ReleaseScriptingObjects (0ms)
			CreateAndSetChildDomain (54ms)
		EndReloadAssembly (2382ms)
			LoadAssemblies (186ms)
			RebuildTransferFunctionScriptingTraits (0ms)
			SetupTypeCache (690ms)
				TypeCache.Initialize (682ms)
					TypeCache.ScanAssembly (672ms)
				ResolveRequiredComponents (8ms)
			ReleaseScriptCaches (2ms)
			RebuildScriptCaches (143ms)
			SetupLoadedEditorAssemblies (1248ms)
				LogAssemblyErrors (0ms)
				InitializePlatformSupportModulesInManaged (11ms)
				SetLoadedEditorAssemblies (18ms)
				RefreshPlugins (232ms)
				BeforeProcessingInitializeOnLoad (218ms)
				ProcessInitializeOnLoadAttributes (669ms)
				ProcessInitializeOnLoadMethodAttributes (91ms)
				AfterProcessingInitializeOnLoad (8ms)
				EditorAssembliesLoaded (0ms)
			ExecutionOrderSort2 (0ms)
			AwakeInstancesAfterBackupRestoration (11ms)
Platform modules already initialized, skipping
========================================================================
Worker process is ready to serve import requests
Launched and connected shader compiler UnityShaderCompiler.exe after 0.20 seconds
Refreshing native plugins compatible for Editor in 2.21 ms, found 4 plugins.
Preloading 0 native plugins for Editor in 0.00 ms.
Unloading 4411 Unused Serialized files (Serialized files now loaded: 0)
Unloading 40 unused Assets / (31.0 KB). Loaded Objects now: 4888.
Memory consumption went from 0.68 GB to 0.68 GB.
Total: 11.248800 ms (FindLiveObjects: 1.062600 ms CreateObjectMapping: 0.492100 ms MarkObjects: 9.537400 ms  DeleteObjects: 0.154000 ms)

AssetImportParameters requested are different than current active one (requested -> active):
  custom:video-decoder-ogg-theora: a1e56fd34408186e4bbccfd4996cb3dc -> 
  custom:container-muxer-webm: aa71ff27fc2769a1b78a27578f13a17b -> 
  custom:container-demuxer-webm: 4f35f7cbe854078d1ac9338744f61a02 -> 
  custom:video-encoder-webm-vp8: eb34c28f22e8b96e1ab97ce403110664 -> 
  custom:video-codec-MediaFoundation-h265: 746d11721c4dcdbdad8f713fa42b33f4 -> 
  custom:audio-encoder-webm-vorbis: bf7c407c2cedff20999df2af8eb42d56 -> 
  custom:framework-win-MediaFoundation: 216162199b28c13a410421893ffa2e32 -> 
  custom:container-demuxer-ogg: 62fdf1f143b41e24485cea50d1cbac27 -> 
  custom:video-decoder-webm-vp8: 9c59270c3fd7afecdb556c50c9e8de78 -> 
  custom:audio-decoder-ogg-vorbis: bf7c407c2cedff20999df2af8eb42d56 -> 
========================================================================
Received Import Request.
  Time since last request: 881742.539612 seconds.
  path: Assets/Tile_Sprite.png
  artifactKey: Guid(c77a4c730bf3caa44b5ed34e4f057c5e) Importer(815301076,1909f56bfc062723c751e8b465ee728b)
Start importing Assets/Tile_Sprite.png using Guid(c77a4c730bf3caa44b5ed34e4f057c5e) Importer(815301076,1909f56bfc062723c751e8b465ee728b)  -> (artifact id: 'e15e161bf4c38698967f7787aaa50761') in 0.309615 seconds 
========================================================================
Received Import Request.
  Time since last request: 0.000074 seconds.
  path: Assets/Square2.png
  artifactKey: Guid(d0878b7c686b57545a1b95ddbd5e216d) Importer(815301076,1909f56bfc062723c751e8b465ee728b)
Start importing Assets/Square2.png using Guid(d0878b7c686b57545a1b95ddbd5e216d) Importer(815301076,1909f56bfc062723c751e8b465ee728b)  -> (artifact id: 'ea925241f88b89cd80f4c9f8bb4031a2') in 0.053457 seconds 
========================================================================
Received Import Request.
  Time since last request: 6.713153 seconds.
  path: Assets/Materials
  artifactKey: Guid(eaf46b4c1304f0b47970bb16987755b2) Importer(815301076,1909f56bfc062723c751e8b465ee728b)
Start importing Assets/Materials using Guid(eaf46b4c1304f0b47970bb16987755b2) Importer(815301076,1909f56bfc062723c751e8b465ee728b)  -> (artifact id: 'aede1c03a72366ebeaaa934ee3809333') in 0.013576 seconds 
========================================================================
Received Import Request.
  Time since last request: 25.730739 seconds.
  path: Assets/Materials/tile_img.png
  artifactKey: Guid(05d0fdbd9078fbd4190db10e7d99e414) Importer(815301076,1909f56bfc062723c751e8b465ee728b)
Start importing Assets/Materials/tile_img.png using Guid(05d0fdbd9078fbd4190db10e7d99e414) Importer(815301076,1909f56bfc062723c751e8b465ee728b)  -> (artifact id: 'd2e7443f8b8d7ba3c5dc56f0d714cab0') in 0.033111 seconds 
========================================================================
Received Import Request.
  Time since last request: 36.015369 seconds.
  path: Assets/Materials/tile_img.png
  artifactKey: Guid(05d0fdbd9078fbd4190db10e7d99e414) Importer(815301076,1909f56bfc062723c751e8b465ee728b)
Start importing Assets/Materials/tile_img.png using Guid(05d0fdbd9078fbd4190db10e7d99e414) Importer(815301076,1909f56bfc062723c751e8b465ee728b)  -> (artifact id: '79fc4a870ce136bb9544d03392d9c112') in 0.030846 seconds 
========================================================================
Received Import Request.
  Time since last request: 27.585088 seconds.
  path: Assets/Materials/tile1.png
  artifactKey: Guid(832dd842c553bb844a9a335500c8fd2e) Importer(815301076,1909f56bfc062723c751e8b465ee728b)
Start importing Assets/Materials/tile1.png using Guid(832dd842c553bb844a9a335500c8fd2e) Importer(815301076,1909f56bfc062723c751e8b465ee728b)  -> (artifact id: '0a05594c305adeb193ad15e414225c5b') in 0.042323 seconds 
========================================================================
Received Import Request.
  Time since last request: 40.549454 seconds.
  path: Assets/Boards
  artifactKey: Guid(76c768077ed07b04bb541a4c9c673f2f) Importer(815301076,1909f56bfc062723c751e8b465ee728b)
Start importing Assets/Boards using Guid(76c768077ed07b04bb541a4c9c673f2f) Importer(815301076,1909f56bfc062723c751e8b465ee728b)  -> (artifact id: '5cacc832e6063d1c3b216beb3d74ecec') in 0.018376 seconds 
========================================================================
Received Import Request.
  Time since last request: 62.362147 seconds.
  path: Assets/Materials/tile1.asset
  artifactKey: Guid(3143632ac3736fa4dabf5473c386ecf6) Importer(815301076,1909f56bfc062723c751e8b465ee728b)
Start importing Assets/Materials/tile1.asset using Guid(3143632ac3736fa4dabf5473c386ecf6) Importer(815301076,1909f56bfc062723c751e8b465ee728b)  -> (artifact id: 'c1a5164d9598049dbc195e8f903309d1') in 0.033173 seconds 
========================================================================
Received Import Request.
  Time since last request: 898.248044 seconds.
  path: Assets/Boards/Board.prefab
  artifactKey: Guid(673e36890b6563e48926ba2264430cfb) Importer(815301076,1909f56bfc062723c751e8b465ee728b)
Start importing Assets/Boards/Board.prefab using Guid(673e36890b6563e48926ba2264430cfb) Importer(815301076,1909f56bfc062723c751e8b465ee728b)  -> (artifact id: '3165bf8278cdb1076e4faf86fbc20e53') in 0.082089 seconds 
========================================================================
Received Prepare
Registering precompiled user dll's ...
Registered in 0.011076 seconds.
Begin MonoManager ReloadAssembly
Symbol file LoadedFromMemory doesn't match image C:\Users\cpdav\Documents\Unity_Projects\WwF_Clone\WwF_Clone\Library\PackageCache\com.unity.visualscripting@1.7.6\Editor\VisualScripting.Core\Dependencies\YamlDotNet\Unity.VisualScripting.YamlDotNet.dll
Symbol file LoadedFromMemory doesn't match image C:\Users\cpdav\Documents\Unity_Projects\WwF_Clone\WwF_Clone\Library\PackageCache\com.unity.visualscripting@1.7.6\Editor\VisualScripting.Core\Dependencies\DotNetZip\Unity.VisualScripting.IonicZip.dll
Native extension for WindowsStandalone target not found
Native extension for WebGL target not found
Refreshing native plugins compatible for Editor in 1.23 ms, found 4 plugins.
Preloading 0 native plugins for Editor in 0.00 ms.
Mono: successfully reloaded assembly
- Completed reload, in  1.468 seconds
Domain Reload Profiling:
	ReloadAssembly (1468ms)
		BeginReloadAssembly (187ms)
			ExecutionOrderSort (0ms)
			DisableScriptedObjects (9ms)
			BackupInstance (0ms)
			ReleaseScriptingObjects (0ms)
			CreateAndSetChildDomain (61ms)
		EndReloadAssembly (1145ms)
			LoadAssemblies (111ms)
			RebuildTransferFunctionScriptingTraits (0ms)
			SetupTypeCache (310ms)
				TypeCache.Initialize (304ms)
					TypeCache.ScanAssembly (297ms)
				ResolveRequiredComponents (6ms)
			ReleaseScriptCaches (2ms)
			RebuildScriptCaches (60ms)
			SetupLoadedEditorAssemblies (579ms)
				LogAssemblyErrors (0ms)
				InitializePlatformSupportModulesInManaged (19ms)
				SetLoadedEditorAssemblies (10ms)
				RefreshPlugins (1ms)
				BeforeProcessingInitializeOnLoad (107ms)
				ProcessInitializeOnLoadAttributes (384ms)
				ProcessInitializeOnLoadMethodAttributes (51ms)
				AfterProcessingInitializeOnLoad (8ms)
				EditorAssembliesLoaded (0ms)
			ExecutionOrderSort2 (0ms)
			AwakeInstancesAfterBackupRestoration (13ms)
Platform modules already initialized, skipping
Refreshing native plugins compatible for Editor in 2.49 ms, found 4 plugins.
Preloading 0 native plugins for Editor in 0.00 ms.
Unloading 4401 Unused Serialized files (Serialized files now loaded: 0)
Unloading 26 unused Assets / (25.4 KB). Loaded Objects now: 4906.
Memory consumption went from 0.68 GB to 0.68 GB.
Total: 3.861100 ms (FindLiveObjects: 0.309500 ms CreateObjectMapping: 0.121900 ms MarkObjects: 3.396100 ms  DeleteObjects: 0.032600 ms)

AssetImportParameters requested are different than current active one (requested -> active):
  custom:video-decoder-ogg-theora: a1e56fd34408186e4bbccfd4996cb3dc -> 
  custom:container-muxer-webm: aa71ff27fc2769a1b78a27578f13a17b -> 
  custom:container-demuxer-webm: 4f35f7cbe854078d1ac9338744f61a02 -> 
  custom:video-encoder-webm-vp8: eb34c28f22e8b96e1ab97ce403110664 -> 
  custom:video-codec-MediaFoundation-h265: 746d11721c4dcdbdad8f713fa42b33f4 -> 
  custom:audio-encoder-webm-vorbis: bf7c407c2cedff20999df2af8eb42d56 -> 
  custom:framework-win-MediaFoundation: 216162199b28c13a410421893ffa2e32 -> 
  custom:container-demuxer-ogg: 62fdf1f143b41e24485cea50d1cbac27 -> 
  custom:video-decoder-webm-vp8: 9c59270c3fd7afecdb556c50c9e8de78 -> 
  custom:audio-decoder-ogg-vorbis: bf7c407c2cedff20999df2af8eb42d56 -> 
